exit_code=0
duration_sec=3.7
--- stdout ---
dt=5.00e-05, Nt=120000, k_max=26.81
WARNING: Non-finite at step 34274, t=1.7138
Output shape: (5, 2, 256)
all_finite: True
mass_v0=10.6347, mass_vT=5195761193206877381661181907949407413543608164288250196543465095705351161123117967527068839086669238188263338044793381321751253829550080.0000, drift=48856572396816356187879718121831855286990467722553942053590309429616859619225826806650154351572487611698875013391975797917734247480688640.00%
Peaks in final v with amplitude>=0.8: 22
  Peak amplitudes: [4.31651800e+150 3.42515833e+150 2.88253853e+150 2.52714851e+150
 2.28562538e+150 2.12038953e+150 2.01087320e+150 1.94574311e+150
 1.91945268e+150 1.93084602e+150 1.98305954e+150 2.08473647e+150
 2.25340136e+150 2.52370532e+150 2.96928428e+150 3.77245203e+150
 5.53072257e+150 1.18179041e+151 1.26423728e+152 1.58654294e+151
 7.51205399e+150 5.00512278e+150]
Saved to pred_results/T_B.npy, shape=(5, 2, 256)

--- stderr ---
${PROJECT_ROOT}/stage2/runs/T_B/PosNeg/round3/candidate.py:95: RuntimeWarning: overflow encountered in multiply
  u_ux_hat = spectral_filter(np.fft.fft(u_d * np.real(np.fft.ifft(1j * k_spec * u_hat_d))))
${VENV}/lib/python3.14/site-packages/numpy/fft/_pocketfft.py:101: RuntimeWarning: invalid value encountered in fft
  return ufunc(a, fct, axes=[(axis,), (), (axis,)], out=out)
${VENV}/lib/python3.14/site-packages/numpy/fft/_pocketfft.py:101: RuntimeWarning: overflow encountered in fft
  return ufunc(a, fct, axes=[(axis,), (), (axis,)], out=out)
${PROJECT_ROOT}/stage2/runs/T_B/PosNeg/round3/candidate.py:73: RuntimeWarning: invalid value encountered in multiply
  return f_hat * dealias_mask
${PROJECT_ROOT}/stage2/runs/T_B/PosNeg/round3/candidate.py:115: RuntimeWarning: overflow encountered in multiply
  uvx_hat = 1j * k_spec * uv_hat  # d_x(u v)
${PROJECT_ROOT}/stage2/runs/T_B/PosNeg/round3/candidate.py:115: RuntimeWarning: invalid value encountered in multiply
  uvx_hat = 1j * k_spec * uv_hat  # d_x(u v)
${VENV}/lib/python3.14/site-packages/numpy/fft/_pocketfft.py:101: RuntimeWarning: invalid value encountered in ifft
  return ufunc(a, fct, axes=[(axis,), (), (axis,)], out=out)

