
=== sigma0.00 vmax0=0.600, fL0=0.997, fH0=0.000 ===
  done in 7.0s  blew_up=False
  late: vmax=0.304, npk=1, fracL_v=0.999, fracH_v=0.000, fracH_max=0.000, lock=0.580, COHERENT=True

=== sigma0.05 vmax0=0.610, fL0=0.995, fH0=0.003 ===
  done in 7.1s  blew_up=False
  late: vmax=0.313, npk=10, fracL_v=0.993, fracH_v=0.006, fracH_max=0.006, lock=0.577, COHERENT=False

=== sigma0.10 vmax0=0.661, fL0=0.985, fH0=0.012 ===
  done in 7.3s  blew_up=False
  late: vmax=0.330, npk=13, fracL_v=0.971, fracH_v=0.028, fracH_max=0.029, lock=0.559, COHERENT=False

=== sigma0.15 vmax0=0.679, fL0=0.962, fH0=0.032 ===
  done in 7.1s  blew_up=False
  late: vmax=0.333, npk=14, fracL_v=0.929, fracH_v=0.067, fracH_max=0.070, lock=0.583, COHERENT=False

=== sigma0.20 vmax0=0.628, fL0=0.919, fH0=0.080 ===
  done in 7.2s  blew_up=False
  late: vmax=0.368, npk=12, fracL_v=0.851, fracH_v=0.145, fracH_max=0.151, lock=0.604, COHERENT=False

=== sigma0.30 vmax0=0.900, fL0=0.850, fH0=0.143 ===
  done in 7.3s  blew_up=False
  late: vmax=0.437, npk=14, fracL_v=0.768, fracH_v=0.218, fracH_max=0.223, lock=0.383, COHERENT=False

=== sigma0.40 vmax0=0.745, fL0=0.780, fH0=0.193 ===
  done in 7.9s  blew_up=False
  late: vmax=0.426, npk=14, fracL_v=0.673, fracH_v=0.292, fracH_max=0.301, lock=0.446, COHERENT=False

=== sigma0.60 vmax0=1.189, fL0=0.658, fH0=0.302 ===
  done in 7.1s  blew_up=False
  late: vmax=0.715, npk=15, fracL_v=0.661, fracH_v=0.301, fracH_max=0.378, lock=0.108, COHERENT=False

=== sigma0.80 vmax0=1.363, fL0=0.543, fH0=0.424 ===
  done in 7.1s  blew_up=False
  late: vmax=0.906, npk=12, fracL_v=0.545, fracH_v=0.269, fracH_max=0.468, lock=0.129, COHERENT=False


Phase table (sigma, coherent, blew_up, npk, fL):
  sigma=0.00  coherent=True  blew_up=False  npk_late=1  fracL_v_late=0.999
  sigma=0.05  coherent=False  blew_up=False  npk_late=10  fracL_v_late=0.993
  sigma=0.10  coherent=False  blew_up=False  npk_late=13  fracL_v_late=0.971
  sigma=0.15  coherent=False  blew_up=False  npk_late=14  fracL_v_late=0.929
  sigma=0.20  coherent=False  blew_up=False  npk_late=12  fracL_v_late=0.851
  sigma=0.30  coherent=False  blew_up=False  npk_late=14  fracL_v_late=0.768
  sigma=0.40  coherent=False  blew_up=False  npk_late=14  fracL_v_late=0.673
  sigma=0.60  coherent=False  blew_up=False  npk_late=15  fracL_v_late=0.661
  sigma=0.80  coherent=False  blew_up=False  npk_late=12  fracL_v_late=0.545

estimated sigma_c (boundary into incoherent regime) = 0.05

Saved evidence/E3_summary.json
EXIT=0
