exit_code=1
duration_sec=8.4
--- stdout ---

--- stderr ---
Traceback (most recent call last):
  File "/Users/dietcoke/Documents/Project/00-simulation_software/paper/experiments/pilot_2026-05-10/runs/task_021/sonnet_4.6/v3/round1/candidate.py", line 21, in <module>
    deforested_in_buffer = gpd.clip(deforested_proj, roads_buffer_dissolved)
  File "/Users/dietcoke/Documents/Project/00-simulation_software/paper/experiments/pilot_2026-05-10/.venv_full/lib/python3.13/site-packages/geopandas/tools/clip.py", line 218, in clip
    clipped = _clip_gdf_with_mask(gdf, combined_mask, sort=sort)
  File "/Users/dietcoke/Documents/Project/00-simulation_software/paper/experiments/pilot_2026-05-10/.venv_full/lib/python3.13/site-packages/geopandas/tools/clip.py", line 93, in _clip_gdf_with_mask
    gdf_sub.geometry.values[non_point_mask].intersection(mask)
    ~~~~~~~~~~~~~~~~~~~~~~~~~~~~~~~~~~~~~~~~~~~~~~~~~~~~^^^^^^
  File "/Users/dietcoke/Documents/Project/00-simulation_software/paper/experiments/pilot_2026-05-10/.venv_full/lib/python3.13/site-packages/geopandas/array.py", line 858, in intersection
    self._binary_method("intersection", self, other), crs=self.crs
    ~~~~~~~~~~~~~~~~~~~^^^^^^^^^^^^^^^^^^^^^^^^^^^^^
  File "/Users/dietcoke/Documents/Project/00-simulation_software/paper/experiments/pilot_2026-05-10/.venv_full/lib/python3.13/site-packages/geopandas/array.py", line 795, in _binary_method
    return getattr(shapely, op)(left._data, right, **kwargs)
           ~~~~~~~~~~~~~~~~~~~~^^^^^^^^^^^^^^^^^^^^^^^^^^^^^
  File "/Users/dietcoke/Documents/Project/00-simulation_software/paper/experiments/pilot_2026-05-10/.venv_full/lib/python3.13/site-packages/shapely/decorators.py", line 173, in wrapper
    result = func(*args, **kwargs)
  File "/Users/dietcoke/Documents/Project/00-simulation_software/paper/experiments/pilot_2026-05-10/.venv_full/lib/python3.13/site-packages/shapely/decorators.py", line 88, in wrapped
    return func(*args, **kwargs)
  File "/Users/dietcoke/Documents/Project/00-simulation_software/paper/experiments/pilot_2026-05-10/.venv_full/lib/python3.13/site-packages/shapely/set_operations.py", line 168, in intersection
    return lib.intersection(a, b, **kwargs)
           ~~~~~~~~~~~~~~~~^^^^^^^^^^^^^^^^
shapely.errors.GEOSException: TopologyException: side location conflict at 560799.78282553738 8788950.5027434062. This can occur if the input geometry is invalid.

