exit_code=0
duration_sec=3.3
--- stdout ---
Saved (8, 2, 256) to ${PROJECT_ROOT}/stage2/runs/T_C/PosOnly/round2/pred_results/T_C.npy
u range: [nan, nan]
v peak amplitude: nan
v mass: nan
Any NaN: True
Any Inf: False

--- stderr ---
${PROJECT_ROOT}/stage2/runs/T_C/PosOnly/round2/candidate.py:54: RuntimeWarning: overflow encountered in square
  f_L = 0.5 * u_L ** 2
${PROJECT_ROOT}/stage2/runs/T_C/PosOnly/round2/candidate.py:55: RuntimeWarning: overflow encountered in square
  f_R = 0.5 * u_R ** 2
${PROJECT_ROOT}/stage2/runs/T_C/PosOnly/round2/candidate.py:101: RuntimeWarning: invalid value encountered in subtract
  divF = (F - np.roll(F, 1)) / dx_grid
${PROJECT_ROOT}/stage2/runs/T_C/PosOnly/round2/candidate.py:129: RuntimeWarning: overflow encountered in square
  coupling_u = 3.0 * v_arr ** 2 + spectral_d2x(v_arr)
${VENV}/lib/python3.14/site-packages/numpy/fft/_pocketfft.py:101: RuntimeWarning: invalid value encountered in fft
  return ufunc(a, fct, axes=[(axis,), (), (axis,)], out=out)
${PROJECT_ROOT}/stage2/runs/T_C/PosOnly/round2/candidate.py:107: RuntimeWarning: invalid value encountered in multiply
  return np.fft.ifft(ik * np.fft.fft(f_arr)).real
${PROJECT_ROOT}/stage2/runs/T_C/PosOnly/round2/candidate.py:140: RuntimeWarning: overflow encountered in multiply
  rhs_v_nl = -6.0 * v_arr * spectral_dx(v_arr) - spectral_dx(u_arr * v_arr)

