[init] 2/3-dealias: keeping 171 of 256 modes (cutoff |k_idx|<=85)
[init] dx=1.1719e-01 amp=1.5 mass_v=3.000000e+00 energy=2.078571e+00 sup=1.4977e+00
[time] dt=2.0000e-04 nsteps=50000
[t= 0.1000] mass_v=+3.0000e+00 energy=2.1015e+00 sup=1.5053e+00 tail_frac=4.256e-19 finite=True
[t= 0.2000] mass_v=+3.0000e+00 energy=2.1605e+00 sup=1.4868e+00 tail_frac=4.286e-19 finite=True
[t= 0.3000] mass_v=+3.0000e+00 energy=2.2441e+00 sup=1.4506e+00 tail_frac=4.349e-19 finite=True
[t= 0.4000] mass_v=+3.0000e+00 energy=2.3420e+00 sup=1.4085e+00 tail_frac=4.449e-19 finite=True
[t= 0.5000] mass_v=+3.0000e+00 energy=2.4475e+00 sup=1.3736e+00 tail_frac=4.584e-19 finite=True
[t= 0.6000] mass_v=+3.0000e+00 energy=2.5561e+00 sup=1.4228e+00 tail_frac=4.743e-19 finite=True
[t= 0.7000] mass_v=+3.0000e+00 energy=2.6625e+00 sup=1.5514e+00 tail_frac=4.915e-19 finite=True
[t= 0.8000] mass_v=+3.0000e+00 energy=2.7617e+00 sup=1.6842e+00 tail_frac=5.094e-19 finite=True
[t= 0.9000] mass_v=+3.0000e+00 energy=2.8491e+00 sup=1.8368e+00 tail_frac=5.276e-19 finite=True
[t= 1.0000] mass_v=+3.0000e+00 energy=2.9236e+00 sup=1.9703e+00 tail_frac=5.461e-19 finite=True
[t= 1.1000] mass_v=+3.0000e+00 energy=2.9853e+00 sup=2.1929e+00 tail_frac=5.653e-19 finite=True
[t= 1.2000] mass_v=+3.0000e+00 energy=3.0331e+00 sup=2.2973e+00 tail_frac=5.853e-19 finite=True
[t= 1.3000] mass_v=+3.0000e+00 energy=3.0708e+00 sup=2.5265e+00 tail_frac=6.065e-19 finite=True
[t= 1.4000] mass_v=+3.0000e+00 energy=3.1002e+00 sup=2.6862e+00 tail_frac=6.288e-19 finite=True
[t= 1.5000] mass_v=+3.0000e+00 energy=3.1198e+00 sup=2.7121e+00 tail_frac=6.524e-19 finite=True
[t= 1.6000] mass_v=+3.0000e+00 energy=3.1405e+00 sup=3.0571e+00 tail_frac=6.761e-19 finite=True
[t= 1.7000] mass_v=+3.0000e+00 energy=3.1582e+00 sup=3.1638e+00 tail_frac=6.994e-19 finite=True
[t= 1.8000] mass_v=+3.0000e+00 energy=3.1752e+00 sup=3.0962e+00 tail_frac=7.213e-19 finite=True
[t= 1.9000] mass_v=+3.0000e+00 energy=3.1970e+00 sup=3.0691e+00 tail_frac=7.409e-19 finite=True
[t= 2.0000] mass_v=+3.0000e+00 energy=3.2208e+00 sup=3.3412e+00 tail_frac=7.582e-19 finite=True
[t= 2.1000] mass_v=+3.0000e+00 energy=3.2399e+00 sup=3.5205e+00 tail_frac=7.733e-19 finite=True
[t= 2.2000] mass_v=+3.0000e+00 energy=3.2637e+00 sup=3.6178e+00 tail_frac=7.864e-19 finite=True
[t= 2.3000] mass_v=+3.0000e+00 energy=3.2874e+00 sup=3.6951e+00 tail_frac=7.990e-19 finite=True
[t= 2.4000] mass_v=+3.0000e+00 energy=3.3079e+00 sup=3.7156e+00 tail_frac=8.120e-19 finite=True
[t= 2.5000] mass_v=+3.0000e+00 energy=3.3179e+00 sup=3.7205e+00 tail_frac=8.255e-19 finite=True
[t= 2.6000] mass_v=+3.0000e+00 energy=3.3337e+00 sup=3.7082e+00 tail_frac=8.390e-19 finite=True
[t= 2.7000] mass_v=+3.0000e+00 energy=3.3470e+00 sup=3.6656e+00 tail_frac=8.536e-19 finite=True
[t= 2.8000] mass_v=+3.0000e+00 energy=3.3659e+00 sup=3.6434e+00 tail_frac=8.698e-19 finite=True
[t= 2.9000] mass_v=+3.0000e+00 energy=3.3774e+00 sup=3.6334e+00 tail_frac=8.880e-19 finite=True
[t= 3.0000] mass_v=+3.0000e+00 energy=3.3786e+00 sup=3.5864e+00 tail_frac=9.081e-19 finite=True
[t= 3.1000] mass_v=+3.0000e+00 energy=3.3820e+00 sup=3.5501e+00 tail_frac=9.283e-19 finite=True
[t= 3.2000] mass_v=+3.0000e+00 energy=3.3889e+00 sup=3.4923e+00 tail_frac=9.484e-19 finite=True
[t= 3.3000] mass_v=+3.0000e+00 energy=3.3948e+00 sup=3.3816e+00 tail_frac=9.684e-19 finite=True
[t= 3.4000] mass_v=+3.0000e+00 energy=3.4141e+00 sup=3.3553e+00 tail_frac=9.879e-19 finite=True
[t= 3.5000] mass_v=+3.0000e+00 energy=3.4278e+00 sup=3.3654e+00 tail_frac=1.007e-18 finite=True
[t= 3.6000] mass_v=+3.0000e+00 energy=3.4337e+00 sup=3.3196e+00 tail_frac=1.026e-18 finite=True
[t= 3.7000] mass_v=+3.0000e+00 energy=3.4391e+00 sup=3.3396e+00 tail_frac=1.042e-18 finite=True
[t= 3.8000] mass_v=+3.0000e+00 energy=3.4436e+00 sup=3.3305e+00 tail_frac=1.056e-18 finite=True
[t= 3.9000] mass_v=+3.0000e+00 energy=3.4477e+00 sup=3.3353e+00 tail_frac=1.069e-18 finite=True
[t= 4.0000] mass_v=+3.0000e+00 energy=3.4555e+00 sup=3.4498e+00 tail_frac=1.081e-18 finite=True
[t= 4.1000] mass_v=+3.0000e+00 energy=3.4742e+00 sup=3.3956e+00 tail_frac=1.091e-18 finite=True
[t= 4.2000] mass_v=+3.0000e+00 energy=3.4996e+00 sup=3.5146e+00 tail_frac=1.101e-18 finite=True
[t= 4.3000] mass_v=+3.0000e+00 energy=3.5176e+00 sup=3.5693e+00 tail_frac=1.112e-18 finite=True
[t= 4.4000] mass_v=+3.0000e+00 energy=3.5302e+00 sup=3.4379e+00 tail_frac=1.122e-18 finite=True
[t= 4.5000] mass_v=+3.0000e+00 energy=3.5387e+00 sup=3.4466e+00 tail_frac=1.130e-18 finite=True
[t= 4.6000] mass_v=+3.0000e+00 energy=3.5548e+00 sup=3.4551e+00 tail_frac=1.138e-18 finite=True
[t= 4.7000] mass_v=+3.0000e+00 energy=3.5565e+00 sup=3.3444e+00 tail_frac=1.145e-18 finite=True
[t= 4.8000] mass_v=+3.0000e+00 energy=3.5643e+00 sup=3.3234e+00 tail_frac=1.152e-18 finite=True
[t= 4.9000] mass_v=+3.0000e+00 energy=3.5643e+00 sup=3.3360e+00 tail_frac=1.159e-18 finite=True
[t= 5.0000] mass_v=+3.0000e+00 energy=3.5647e+00 sup=3.3167e+00 tail_frac=1.166e-18 finite=True
[t= 5.1000] mass_v=+3.0000e+00 energy=3.5787e+00 sup=3.3635e+00 tail_frac=1.175e-18 finite=True
[t= 5.2000] mass_v=+3.0000e+00 energy=3.5922e+00 sup=3.4521e+00 tail_frac=1.184e-18 finite=True
[t= 5.3000] mass_v=+3.0000e+00 energy=3.6052e+00 sup=3.3798e+00 tail_frac=1.194e-18 finite=True
[t= 5.4000] mass_v=+3.0000e+00 energy=3.6070e+00 sup=3.4531e+00 tail_frac=1.206e-18 finite=True
[t= 5.5000] mass_v=+3.0000e+00 energy=3.6163e+00 sup=3.5741e+00 tail_frac=1.220e-18 finite=True
[t= 5.6000] mass_v=+3.0000e+00 energy=3.6273e+00 sup=3.5111e+00 tail_frac=1.236e-18 finite=True
[t= 5.7000] mass_v=+3.0000e+00 energy=3.6319e+00 sup=3.8409e+00 tail_frac=1.252e-18 finite=True
[t= 5.8000] mass_v=+3.0000e+00 energy=3.6413e+00 sup=3.8551e+00 tail_frac=1.270e-18 finite=True
[t= 5.9000] mass_v=+3.0000e+00 energy=3.6488e+00 sup=3.5224e+00 tail_frac=1.287e-18 finite=True
[t= 6.0000] mass_v=+3.0000e+00 energy=3.6535e+00 sup=3.9391e+00 tail_frac=1.304e-18 finite=True
[t= 6.1000] mass_v=+3.0000e+00 energy=3.6636e+00 sup=3.8353e+00 tail_frac=1.320e-18 finite=True
[t= 6.2000] mass_v=+3.0000e+00 energy=3.6565e+00 sup=3.5597e+00 tail_frac=1.337e-18 finite=True
[t= 6.3000] mass_v=+3.0000e+00 energy=3.6569e+00 sup=4.0227e+00 tail_frac=1.354e-18 finite=True
[t= 6.4000] mass_v=+3.0000e+00 energy=3.6683e+00 sup=3.9112e+00 tail_frac=1.371e-18 finite=True
[t= 6.5000] mass_v=+3.0000e+00 energy=3.6857e+00 sup=3.4460e+00 tail_frac=1.389e-18 finite=True
[t= 6.6000] mass_v=+3.0000e+00 energy=3.6908e+00 sup=3.8175e+00 tail_frac=1.406e-18 finite=True
[t= 6.7000] mass_v=+3.0000e+00 energy=3.7021e+00 sup=3.9852e+00 tail_frac=1.424e-18 finite=True
[t= 6.8000] mass_v=+3.0000e+00 energy=3.7081e+00 sup=3.9612e+00 tail_frac=1.443e-18 finite=True
[t= 6.9000] mass_v=+3.0000e+00 energy=3.7191e+00 sup=3.9774e+00 tail_frac=1.462e-18 finite=True
[t= 7.0000] mass_v=+3.0000e+00 energy=3.7224e+00 sup=3.9870e+00 tail_frac=1.483e-18 finite=True
[t= 7.1000] mass_v=+3.0000e+00 energy=3.7284e+00 sup=3.9143e+00 tail_frac=1.504e-18 finite=True
[t= 7.2000] mass_v=+3.0000e+00 energy=3.7318e+00 sup=3.8389e+00 tail_frac=1.528e-18 finite=True
[t= 7.3000] mass_v=+3.0000e+00 energy=3.7353e+00 sup=3.7826e+00 tail_frac=1.555e-18 finite=True
[t= 7.4000] mass_v=+3.0000e+00 energy=3.7368e+00 sup=3.7468e+00 tail_frac=1.584e-18 finite=True
[t= 7.5000] mass_v=+3.0000e+00 energy=3.7324e+00 sup=3.7628e+00 tail_frac=1.614e-18 finite=True
[t= 7.6000] mass_v=+3.0000e+00 energy=3.7340e+00 sup=3.7948e+00 tail_frac=1.643e-18 finite=True
[t= 7.7000] mass_v=+3.0000e+00 energy=3.7221e+00 sup=3.7986e+00 tail_frac=1.672e-18 finite=True
[t= 7.8000] mass_v=+3.0000e+00 energy=3.7084e+00 sup=3.7619e+00 tail_frac=1.697e-18 finite=True
[t= 7.9000] mass_v=+3.0000e+00 energy=3.7170e+00 sup=3.7234e+00 tail_frac=1.719e-18 finite=True
[t= 8.0000] mass_v=+3.0000e+00 energy=3.7235e+00 sup=3.7049e+00 tail_frac=1.738e-18 finite=True
[t= 8.1000] mass_v=+3.0000e+00 energy=3.7211e+00 sup=3.6530e+00 tail_frac=1.757e-18 finite=True
[t= 8.2000] mass_v=+3.0000e+00 energy=3.7327e+00 sup=3.6265e+00 tail_frac=1.772e-18 finite=True
[t= 8.3000] mass_v=+3.0000e+00 energy=3.7376e+00 sup=3.6839e+00 tail_frac=1.786e-18 finite=True
[t= 8.4000] mass_v=+3.0000e+00 energy=3.7295e+00 sup=3.7206e+00 tail_frac=1.799e-18 finite=True
[t= 8.5000] mass_v=+3.0000e+00 energy=3.7222e+00 sup=3.7002e+00 tail_frac=1.811e-18 finite=True
[t= 8.6000] mass_v=+3.0000e+00 energy=3.7255e+00 sup=3.7206e+00 tail_frac=1.821e-18 finite=True
[t= 8.7000] mass_v=+3.0000e+00 energy=3.7179e+00 sup=3.7653e+00 tail_frac=1.830e-18 finite=True
[t= 8.8000] mass_v=+3.0000e+00 energy=3.7129e+00 sup=3.8322e+00 tail_frac=1.839e-18 finite=True
[t= 8.9000] mass_v=+3.0000e+00 energy=3.6991e+00 sup=3.8038e+00 tail_frac=1.846e-18 finite=True
[t= 9.0000] mass_v=+3.0000e+00 energy=3.6817e+00 sup=3.7314e+00 tail_frac=1.851e-18 finite=True
[t= 9.1000] mass_v=+3.0000e+00 energy=3.6831e+00 sup=3.6586e+00 tail_frac=1.854e-18 finite=True
[t= 9.2000] mass_v=+3.0000e+00 energy=3.6935e+00 sup=3.5369e+00 tail_frac=1.854e-18 finite=True
[t= 9.3000] mass_v=+3.0000e+00 energy=3.7093e+00 sup=3.5474e+00 tail_frac=1.853e-18 finite=True
[t= 9.4000] mass_v=+3.0000e+00 energy=3.7092e+00 sup=3.6165e+00 tail_frac=1.851e-18 finite=True
[t= 9.5000] mass_v=+3.0000e+00 energy=3.7106e+00 sup=3.6889e+00 tail_frac=1.847e-18 finite=True
[t= 9.6000] mass_v=+3.0000e+00 energy=3.7195e+00 sup=3.8223e+00 tail_frac=1.842e-18 finite=True
[t= 9.7000] mass_v=+3.0000e+00 energy=3.7203e+00 sup=3.8913e+00 tail_frac=1.835e-18 finite=True
[t= 9.8000] mass_v=+3.0000e+00 energy=3.7181e+00 sup=3.9652e+00 tail_frac=1.828e-18 finite=True
[t= 9.9000] mass_v=+3.0000e+00 energy=3.6983e+00 sup=3.9532e+00 tail_frac=1.821e-18 finite=True
[t=10.0000] mass_v=+3.0000e+00 energy=3.6915e+00 sup=3.9745e+00 tail_frac=1.812e-18 finite=True
[final] t_final=10.0000 sup=3.9745e+00 mass_v=+3.0000e+00 energy=3.6915e+00 finite=True elapsed=22.66s
[summary] blowup_t=None reached_T10=True

EXIT_CODE=0
