exit_code=1
duration_sec=3.5
--- stdout ---

--- stderr ---
Traceback (most recent call last):
  File "/Users/dietcoke/Documents/Project/00-simulation_software/paper/experiments/pilot_2026-05-10/runs/task_101/primary_4.6/v3/round1/candidate.py", line 15, in <module>
    train_df = pd.read_json(TRAIN_PATH, orient="split", compression="gzip")
  File "/Users/dietcoke/Documents/Project/00-simulation_software/paper/experiments/pilot_2026-05-10/.venv_full/lib/python3.13/site-packages/pandas/io/json/_json.py", line 791, in read_json
    json_reader = JsonReader(
        path_or_buf,
    ...<16 lines>...
        engine=engine,
    )
  File "/Users/dietcoke/Documents/Project/00-simulation_software/paper/experiments/pilot_2026-05-10/.venv_full/lib/python3.13/site-packages/pandas/io/json/_json.py", line 905, in __init__
    self.data = self._preprocess_data(data)
                ~~~~~~~~~~~~~~~~~~~~~^^^^^^
  File "/Users/dietcoke/Documents/Project/00-simulation_software/paper/experiments/pilot_2026-05-10/.venv_full/lib/python3.13/site-packages/pandas/io/json/_json.py", line 917, in _preprocess_data
    data = data.read()
  File "/opt/homebrew/Cellar/python@3.13/3.13.11_1/Frameworks/Python.framework/Versions/3.13/lib/python3.13/gzip.py", line 340, in read
    return self._buffer.read(size)
           ~~~~~~~~~~~~~~~~~^^^^^^
  File "/opt/homebrew/Cellar/python@3.13/3.13.11_1/Frameworks/Python.framework/Versions/3.13/lib/python3.13/_compression.py", line 118, in readall
    while data := self.read(sys.maxsize):
                  ~~~~~~~~~^^^^^^^^^^^^^
  File "/opt/homebrew/Cellar/python@3.13/3.13.11_1/Frameworks/Python.framework/Versions/3.13/lib/python3.13/gzip.py", line 546, in read
    if not self._read_gzip_header():
           ~~~~~~~~~~~~~~~~~~~~~~^^
  File "/opt/homebrew/Cellar/python@3.13/3.13.11_1/Frameworks/Python.framework/Versions/3.13/lib/python3.13/gzip.py", line 515, in _read_gzip_header
    last_mtime = _read_gzip_header(self._fp)
  File "/opt/homebrew/Cellar/python@3.13/3.13.11_1/Frameworks/Python.framework/Versions/3.13/lib/python3.13/gzip.py", line 475, in _read_gzip_header
    raise BadGzipFile('Not a gzipped file (%r)' % magic)
gzip.BadGzipFile: Not a gzipped file (b'\x80\x05')

