exit_code=0
duration_sec=1.4
--- stdout ---
Saved shape: (7, 2, 256)
Final v: max=nan, mass=nan
Initial v mass: 0.3545
Final v peaks (amp>=0.8): 0 at positions x=[]
Final u: max=nan

--- stderr ---
${PROJECT_ROOT}/stage2/runs/T_B/PosOnly/round1/candidate.py:62: RuntimeWarning: overflow encountered in multiply
  vv_x = 6.0 * v * spectral_deriv(v_hat * dealias)
${PROJECT_ROOT}/stage2/runs/T_B/PosOnly/round1/candidate.py:63: RuntimeWarning: overflow encountered in multiply
  uv = u * v
${VENV}/lib/python3.14/site-packages/numpy/fft/_pocketfft.py:101: RuntimeWarning: invalid value encountered in fft
  return ufunc(a, fct, axes=[(axis,), (), (axis,)], out=out)
${PROJECT_ROOT}/stage2/runs/T_B/PosOnly/round1/candidate.py:75: RuntimeWarning: overflow encountered in multiply
  uu_x = 3.0 * u * spectral_deriv(u_hat * dealias)
${PROJECT_ROOT}/stage2/runs/T_B/PosOnly/round1/candidate.py:76: RuntimeWarning: overflow encountered in square
  v2 = 3.0 * v ** 2
${PROJECT_ROOT}/stage2/runs/T_B/PosOnly/round1/candidate.py:77: RuntimeWarning: invalid value encountered in multiply
  v2_hat = np.fft.fft(v2) * dealias
${PROJECT_ROOT}/stage2/runs/T_B/PosOnly/round1/candidate.py:81: RuntimeWarning: invalid value encountered in multiply
  d_expr = np.fft.ifft(1j * k * (v2_hat + vxx_hat)).real

