[grid]  Nx=256  L=30.0  dx=1.1719e-01
[time]  T=6.0  dt=1.0000e-04  nsteps=60000
[stack] Fourier + 2/3 dealias + RK4 + linear visc eps_u=1.00e-04 on u_xx
[IC]    v0=1.5 sech^2(x+5)   u0=1.5 (1-tanh(x/0.5))/2
[init]  u_max=1.5000  v_max=1.4977  TV(u)=3.000  E_midk/E_tot=1.469e-03
[t= 0.2000] u_max=1.9844 u_min=-0.2438 v_max=1.3384 TV(u)=9.217 E_midk/E_tot=3.969e-04 finite=True
[t= 0.4000] u_max=2.3451 u_min=-0.2165 v_max=1.1596 TV(u)=25.331 E_midk/E_tot=5.861e-03 finite=True
[t= 0.6000] u_max=2.5363 u_min=-0.2753 v_max=1.0139 TV(u)=30.805 E_midk/E_tot=1.261e-02 finite=True
[t= 0.8000] u_max=2.6457 u_min=-0.3815 v_max=0.9058 TV(u)=38.741 E_midk/E_tot=1.248e-02 finite=True
[t= 1.0000] u_max=3.0712 u_min=-0.3637 v_max=0.8125 TV(u)=44.955 E_midk/E_tot=2.470e-02 finite=True
[t= 1.2000] u_max=2.8918 u_min=-0.4068 v_max=0.7465 TV(u)=68.781 E_midk/E_tot=5.841e-02 finite=True
[t= 1.4000] u_max=3.3652 u_min=-0.3599 v_max=0.6732 TV(u)=69.782 E_midk/E_tot=5.864e-02 finite=True
[t= 1.6000] u_max=3.1671 u_min=-0.4132 v_max=0.6144 TV(u)=68.292 E_midk/E_tot=5.622e-02 finite=True
[t= 1.8000] u_max=3.2653 u_min=-0.5811 v_max=0.5824 TV(u)=75.549 E_midk/E_tot=6.411e-02 finite=True
[t= 2.0000] u_max=3.3561 u_min=-0.6897 v_max=0.5819 TV(u)=82.759 E_midk/E_tot=5.670e-02 finite=True
[t= 2.2000] u_max=3.1206 u_min=-0.4065 v_max=0.5559 TV(u)=77.188 E_midk/E_tot=5.948e-02 finite=True
[t= 2.4000] u_max=3.0517 u_min=-0.5931 v_max=0.5680 TV(u)=87.104 E_midk/E_tot=6.792e-02 finite=True
[t= 2.6000] u_max=2.9745 u_min=-0.5596 v_max=0.6154 TV(u)=85.784 E_midk/E_tot=7.433e-02 finite=True
[t= 2.8000] u_max=3.2651 u_min=-0.9889 v_max=0.6039 TV(u)=89.608 E_midk/E_tot=7.435e-02 finite=True
[t= 3.0000] u_max=2.8557 u_min=-0.7429 v_max=0.5906 TV(u)=91.579 E_midk/E_tot=7.644e-02 finite=True
[t= 3.2000] u_max=3.0362 u_min=-0.7719 v_max=0.6103 TV(u)=101.289 E_midk/E_tot=8.241e-02 finite=True
[t= 3.4000] u_max=2.9861 u_min=-0.8344 v_max=0.6404 TV(u)=99.388 E_midk/E_tot=8.153e-02 finite=True
[t= 3.6000] u_max=3.0465 u_min=-0.4945 v_max=0.6857 TV(u)=99.216 E_midk/E_tot=8.951e-02 finite=True
[t= 3.8000] u_max=2.9374 u_min=-0.5749 v_max=0.6564 TV(u)=103.137 E_midk/E_tot=9.622e-02 finite=True
[t= 4.0000] u_max=2.9857 u_min=-0.7589 v_max=0.5940 TV(u)=101.639 E_midk/E_tot=8.443e-02 finite=True
[t= 4.2000] u_max=3.0421 u_min=-0.5327 v_max=0.5993 TV(u)=114.362 E_midk/E_tot=1.144e-01 finite=True
[t= 4.4000] u_max=3.0748 u_min=-0.6878 v_max=0.6211 TV(u)=109.136 E_midk/E_tot=9.378e-02 finite=True
[t= 4.6000] u_max=3.3228 u_min=-0.8311 v_max=0.6724 TV(u)=115.237 E_midk/E_tot=1.293e-01 finite=True
[t= 4.8000] u_max=3.1301 u_min=-0.6982 v_max=0.7034 TV(u)=110.428 E_midk/E_tot=1.081e-01 finite=True
[t= 5.0000] u_max=3.0868 u_min=-0.5948 v_max=0.7629 TV(u)=109.309 E_midk/E_tot=9.546e-02 finite=True
[t= 5.2000] u_max=2.9401 u_min=-0.5528 v_max=0.7494 TV(u)=116.407 E_midk/E_tot=1.215e-01 finite=True
[t= 5.4000] u_max=3.1824 u_min=-0.9091 v_max=0.7956 TV(u)=114.233 E_midk/E_tot=1.043e-01 finite=True
[t= 5.6000] u_max=2.8395 u_min=-0.8738 v_max=0.7157 TV(u)=119.214 E_midk/E_tot=1.160e-01 finite=True
[t= 5.8000] u_max=3.1503 u_min=-0.5328 v_max=0.6445 TV(u)=117.678 E_midk/E_tot=9.785e-02 finite=True
[t= 6.0000] u_max=3.1841 u_min=-0.7707 v_max=0.6288 TV(u)=124.031 E_midk/E_tot=1.291e-01 finite=True
[cmp E1->E2]
  t= 0.00  u_max  E1=1.500 E2=1.500  TV(u)  E1=3.00  E2=3.00
  t= 1.00  u_max  E1=3.072 E2=3.071  TV(u)  E1=45.10  E2=44.96
  t= 2.00  u_max  E1=3.333 E2=3.356  TV(u)  E1=84.21  E2=82.76
  t= 3.00  u_max  E1=2.877 E2=2.856  TV(u)  E1=92.33  E2=91.58
  t= 4.00  u_max  E1=2.869 E2=2.986  TV(u)  E1=117.28  E2=101.64
  t= 5.00  u_max  E1=3.153 E2=3.087  TV(u)  E1=117.63  E2=109.31
  t= 6.00  u_max  E1=3.407 E2=3.184  TV(u)  E1=125.78  E2=124.03
[summary] u_max(t): t0=1.5000  max=3.3561  final=3.1841
[summary] u_min(t): t0=+0.0000  min=-0.9135  final=-0.7707
[summary] TV(u):    t0=3.000  max=124.031  final=124.031
[summary] mid-k ratio: t0=1.469e-03  max=1.291e-01  final=1.291e-01
[summary] v_max(t): t0=1.4977  final=0.6288
[summary] elapsed=16.5s
[done] E2 (eps=1e-4 linear visc) complete.
