[init] 2/3-dealias: keeping 171 of 256 modes (cutoff |k_idx|<=85)
[init] dx=1.1719e-01 amp=3.0 mass_v=6.000000e+00 energy=1.525714e+01 sup_u=4.4863e+00 sup_v=2.9954e+00
[time] dt=2.0000e-04 nsteps=50000
[t= 0.0500] mass_v=+6.0000e+00 energy=1.5071e+01 sup_u=4.8289e+00 sup_v=3.4437e+00 edge_frac=1.005e-08 finite=True
[t= 0.1000] mass_v=+6.0000e+00 energy=1.4679e+01 sup_u=5.4234e+00 sup_v=3.7649e+00 edge_frac=1.294e-07 finite=True
[t= 0.1500] mass_v=+6.0000e+00 energy=1.4557e+01 sup_u=5.4407e+00 sup_v=3.8239e+00 edge_frac=5.186e-08 finite=True
[t= 0.2000] mass_v=+6.0000e+00 energy=1.4823e+01 sup_u=5.4482e+00 sup_v=3.7486e+00 edge_frac=8.525e-09 finite=True
[t= 0.2500] mass_v=+6.0000e+00 energy=1.5174e+01 sup_u=5.8478e+00 sup_v=3.6032e+00 edge_frac=1.149e-07 finite=True
[t= 0.3000] mass_v=+6.0000e+00 energy=1.5400e+01 sup_u=6.8026e+00 sup_v=3.3879e+00 edge_frac=4.999e-07 finite=True
[t= 0.3500] mass_v=+6.0000e+00 energy=1.5477e+01 sup_u=7.8303e+00 sup_v=3.0552e+00 edge_frac=1.126e-06 finite=True
[t= 0.4000] mass_v=+6.0000e+00 energy=1.5468e+01 sup_u=8.6647e+00 sup_v=2.6850e+00 edge_frac=1.644e-06 finite=True
[t= 0.4500] mass_v=+6.0000e+00 energy=1.5472e+01 sup_u=8.8736e+00 sup_v=2.4587e+00 edge_frac=1.668e-06 finite=True
[t= 0.5000] mass_v=+6.0000e+00 energy=1.5556e+01 sup_u=8.5861e+00 sup_v=2.3836e+00 edge_frac=1.268e-06 finite=True
[t= 0.5500] mass_v=+6.0000e+00 energy=1.5708e+01 sup_u=9.6430e+00 sup_v=2.3822e+00 edge_frac=7.754e-07 finite=True
[t= 0.6000] mass_v=+6.0000e+00 energy=1.5851e+01 sup_u=9.9720e+00 sup_v=2.3709e+00 edge_frac=4.451e-07 finite=True
[t= 0.6500] mass_v=+6.0000e+00 energy=1.5985e+01 sup_u=9.5150e+00 sup_v=2.3649e+00 edge_frac=2.387e-07 finite=True
[t= 0.7000] mass_v=+6.0000e+00 energy=1.6193e+01 sup_u=8.9314e+00 sup_v=2.3540e+00 edge_frac=1.439e-07 finite=True
[t= 0.7500] mass_v=+6.0000e+00 energy=1.6294e+01 sup_u=9.8301e+00 sup_v=2.3381e+00 edge_frac=1.396e-07 finite=True
[t= 0.8000] mass_v=+6.0000e+00 energy=1.6502e+01 sup_u=1.0095e+01 sup_v=2.2994e+00 edge_frac=9.900e-08 finite=True
[t= 0.8500] mass_v=+6.0000e+00 energy=1.6580e+01 sup_u=9.5979e+00 sup_v=2.3008e+00 edge_frac=6.326e-08 finite=True
[t= 0.9000] mass_v=+6.0000e+00 energy=1.6772e+01 sup_u=8.8617e+00 sup_v=2.2300e+00 edge_frac=1.223e-07 finite=True
[t= 0.9500] mass_v=+6.0000e+00 energy=1.6858e+01 sup_u=9.8344e+00 sup_v=2.1908e+00 edge_frac=1.395e-07 finite=True
[t= 1.0000] mass_v=+6.0000e+00 energy=1.6924e+01 sup_u=1.0088e+01 sup_v=2.1734e+00 edge_frac=4.270e-08 finite=True
[t= 1.0500] mass_v=+6.0000e+00 energy=1.7078e+01 sup_u=9.6875e+00 sup_v=2.0692e+00 edge_frac=1.498e-07 finite=True
[t= 1.1000] mass_v=+6.0000e+00 energy=1.7046e+01 sup_u=8.8432e+00 sup_v=1.9483e+00 edge_frac=4.441e-07 finite=True
[t= 1.1500] mass_v=+6.0000e+00 energy=1.7073e+01 sup_u=9.7045e+00 sup_v=1.8940e+00 edge_frac=3.196e-07 finite=True
[t= 1.2000] mass_v=+6.0000e+00 energy=1.7207e+01 sup_u=1.0135e+01 sup_v=1.8433e+00 edge_frac=2.742e-07 finite=True
[t= 1.2500] mass_v=+6.0000e+00 energy=1.7184e+01 sup_u=9.6286e+00 sup_v=1.7862e+00 edge_frac=6.009e-07 finite=True
[t= 1.3000] mass_v=+6.0000e+00 energy=1.7117e+01 sup_u=8.7422e+00 sup_v=1.6878e+00 edge_frac=4.911e-07 finite=True
[t= 1.3500] mass_v=+6.0000e+00 energy=1.7148e+01 sup_u=9.5890e+00 sup_v=1.6099e+00 edge_frac=3.042e-07 finite=True
[t= 1.4000] mass_v=+6.0000e+00 energy=1.7336e+01 sup_u=1.0112e+01 sup_v=1.5622e+00 edge_frac=6.015e-07 finite=True
[t= 1.4500] mass_v=+6.0000e+00 energy=1.7374e+01 sup_u=9.7725e+00 sup_v=1.6219e+00 edge_frac=3.446e-07 finite=True
[t= 1.5000] mass_v=+6.0000e+00 energy=1.7335e+01 sup_u=8.8850e+00 sup_v=1.6482e+00 edge_frac=1.533e-07 finite=True
[t= 1.5500] mass_v=+6.0000e+00 energy=1.7307e+01 sup_u=9.7025e+00 sup_v=1.6774e+00 edge_frac=2.727e-07 finite=True
[t= 1.6000] mass_v=+6.0000e+00 energy=1.7427e+01 sup_u=1.0079e+01 sup_v=1.6629e+00 edge_frac=1.827e-07 finite=True
[t= 1.6500] mass_v=+6.0000e+00 energy=1.7504e+01 sup_u=9.9153e+00 sup_v=1.6006e+00 edge_frac=8.128e-08 finite=True
[t= 1.7000] mass_v=+6.0000e+00 energy=1.7694e+01 sup_u=8.9839e+00 sup_v=1.5536e+00 edge_frac=1.585e-07 finite=True
[t= 1.7500] mass_v=+6.0000e+00 energy=1.7617e+01 sup_u=9.8318e+00 sup_v=1.5313e+00 edge_frac=5.403e-08 finite=True
[t= 1.8000] mass_v=+6.0000e+00 energy=1.7558e+01 sup_u=1.0097e+01 sup_v=1.5271e+00 edge_frac=3.603e-08 finite=True
[t= 1.8500] mass_v=+6.0000e+00 energy=1.7605e+01 sup_u=9.5253e+00 sup_v=1.5716e+00 edge_frac=9.685e-08 finite=True
[t= 1.9000] mass_v=+6.0000e+00 energy=1.7553e+01 sup_u=8.6643e+00 sup_v=1.6284e+00 edge_frac=8.120e-08 finite=True
[t= 1.9500] mass_v=+6.0000e+00 energy=1.7688e+01 sup_u=9.4746e+00 sup_v=1.6198e+00 edge_frac=7.249e-08 finite=True
[t= 2.0000] mass_v=+6.0000e+00 energy=1.7811e+01 sup_u=1.0022e+01 sup_v=1.6148e+00 edge_frac=6.473e-08 finite=True
[t= 2.0500] mass_v=+6.0000e+00 energy=1.7737e+01 sup_u=1.0034e+01 sup_v=1.5904e+00 edge_frac=4.560e-08 finite=True
[t= 2.1000] mass_v=+6.0000e+00 energy=1.7843e+01 sup_u=9.5627e+00 sup_v=1.5578e+00 edge_frac=6.076e-08 finite=True
[t= 2.1500] mass_v=+6.0000e+00 energy=1.7888e+01 sup_u=9.1905e+00 sup_v=1.4916e+00 edge_frac=4.551e-08 finite=True
[t= 2.2000] mass_v=+6.0000e+00 energy=1.7848e+01 sup_u=1.0067e+01 sup_v=1.3891e+00 edge_frac=7.379e-08 finite=True
[t= 2.2500] mass_v=+6.0000e+00 energy=1.7890e+01 sup_u=1.0230e+01 sup_v=1.3756e+00 edge_frac=1.225e-07 finite=True
[t= 2.3000] mass_v=+6.0000e+00 energy=1.8043e+01 sup_u=1.0185e+01 sup_v=1.3635e+00 edge_frac=2.055e-07 finite=True
[t= 2.3500] mass_v=+6.0000e+00 energy=1.8038e+01 sup_u=9.7635e+00 sup_v=1.3554e+00 edge_frac=1.220e-07 finite=True
[t= 2.4000] mass_v=+6.0000e+00 energy=1.8018e+01 sup_u=9.3469e+00 sup_v=1.3328e+00 edge_frac=2.318e-07 finite=True
[t= 2.4500] mass_v=+6.0000e+00 energy=1.8112e+01 sup_u=8.8441e+00 sup_v=1.3184e+00 edge_frac=6.666e-08 finite=True
[t= 2.5000] mass_v=+6.0000e+00 energy=1.8243e+01 sup_u=9.7031e+00 sup_v=1.3635e+00 edge_frac=2.109e-07 finite=True
[t= 2.5500] mass_v=+6.0000e+00 energy=1.8221e+01 sup_u=1.0202e+01 sup_v=1.3580e+00 edge_frac=3.122e-07 finite=True
[t= 2.6000] mass_v=+6.0000e+00 energy=1.8285e+01 sup_u=9.4567e+00 sup_v=1.3537e+00 edge_frac=3.801e-07 finite=True
[t= 2.6500] mass_v=+6.0000e+00 energy=1.8365e+01 sup_u=1.0113e+01 sup_v=1.3216e+00 edge_frac=6.805e-07 finite=True
[t= 2.7000] mass_v=+6.0000e+00 energy=1.8480e+01 sup_u=1.0116e+01 sup_v=1.2938e+00 edge_frac=1.175e-06 finite=True
[t= 2.7500] mass_v=+6.0000e+00 energy=1.8415e+01 sup_u=9.0607e+00 sup_v=1.2452e+00 edge_frac=1.048e-06 finite=True
[t= 2.8000] mass_v=+6.0000e+00 energy=1.8309e+01 sup_u=9.4421e+00 sup_v=1.2315e+00 edge_frac=1.167e-06 finite=True
[t= 2.8500] mass_v=+6.0000e+00 energy=1.8509e+01 sup_u=1.0205e+01 sup_v=1.2621e+00 edge_frac=9.509e-07 finite=True
[t= 2.9000] mass_v=+6.0000e+00 energy=1.8483e+01 sup_u=1.0221e+01 sup_v=1.2500e+00 edge_frac=1.107e-06 finite=True
[t= 2.9500] mass_v=+6.0000e+00 energy=1.8338e+01 sup_u=9.5892e+00 sup_v=1.2419e+00 edge_frac=7.802e-07 finite=True
[t= 3.0000] mass_v=+6.0000e+00 energy=1.8330e+01 sup_u=9.0136e+00 sup_v=1.1877e+00 edge_frac=4.684e-07 finite=True
[t= 3.0500] mass_v=+6.0000e+00 energy=1.8394e+01 sup_u=9.8157e+00 sup_v=1.1428e+00 edge_frac=3.001e-07 finite=True
[t= 3.1000] mass_v=+6.0000e+00 energy=1.8498e+01 sup_u=1.0244e+01 sup_v=1.1074e+00 edge_frac=4.850e-07 finite=True
[t= 3.1500] mass_v=+6.0000e+00 energy=1.8531e+01 sup_u=1.0003e+01 sup_v=1.0472e+00 edge_frac=2.636e-07 finite=True
[t= 3.2000] mass_v=+6.0000e+00 energy=1.8380e+01 sup_u=8.9817e+00 sup_v=1.0344e+00 edge_frac=1.879e-07 finite=True
[t= 3.2500] mass_v=+6.0000e+00 energy=1.8293e+01 sup_u=9.2715e+00 sup_v=1.0666e+00 edge_frac=2.217e-07 finite=True
[t= 3.3000] mass_v=+6.0000e+00 energy=1.8367e+01 sup_u=9.8847e+00 sup_v=1.0953e+00 edge_frac=1.048e-07 finite=True
[t= 3.3500] mass_v=+6.0000e+00 energy=1.8464e+01 sup_u=1.0173e+01 sup_v=1.0970e+00 edge_frac=1.086e-07 finite=True
[t= 3.4000] mass_v=+6.0000e+00 energy=1.8550e+01 sup_u=1.0111e+01 sup_v=1.0618e+00 edge_frac=1.805e-07 finite=True
[t= 3.4500] mass_v=+6.0000e+00 energy=1.8676e+01 sup_u=9.2711e+00 sup_v=1.0349e+00 edge_frac=2.280e-07 finite=True
[t= 3.5000] mass_v=+6.0000e+00 energy=1.8617e+01 sup_u=9.5430e+00 sup_v=1.0366e+00 edge_frac=1.949e-07 finite=True
[t= 3.5500] mass_v=+6.0000e+00 energy=1.8316e+01 sup_u=9.9610e+00 sup_v=1.0777e+00 edge_frac=9.372e-08 finite=True
[t= 3.6000] mass_v=+6.0000e+00 energy=1.8240e+01 sup_u=1.0108e+01 sup_v=1.0607e+00 edge_frac=7.992e-08 finite=True
[t= 3.6500] mass_v=+6.0000e+00 energy=1.8344e+01 sup_u=1.0065e+01 sup_v=1.0954e+00 edge_frac=4.141e-08 finite=True
[t= 3.7000] mass_v=+6.0000e+00 energy=1.8283e+01 sup_u=9.4716e+00 sup_v=1.1396e+00 edge_frac=3.208e-08 finite=True
[t= 3.7500] mass_v=+6.0000e+00 energy=1.8472e+01 sup_u=9.0960e+00 sup_v=1.1824e+00 edge_frac=1.436e-07 finite=True
[t= 3.8000] mass_v=+6.0000e+00 energy=1.8579e+01 sup_u=9.7919e+00 sup_v=1.1955e+00 edge_frac=1.247e-07 finite=True
[t= 3.8500] mass_v=+6.0000e+00 energy=1.8716e+01 sup_u=1.0258e+01 sup_v=1.1834e+00 edge_frac=2.624e-07 finite=True
[t= 3.9000] mass_v=+6.0000e+00 energy=1.8691e+01 sup_u=9.6200e+00 sup_v=1.1380e+00 edge_frac=3.205e-07 finite=True
[t= 3.9500] mass_v=+6.0000e+00 energy=1.8498e+01 sup_u=9.3007e+00 sup_v=1.0980e+00 edge_frac=2.402e-07 finite=True
[t= 4.0000] mass_v=+6.0000e+00 energy=1.8449e+01 sup_u=9.9588e+00 sup_v=1.0316e+00 edge_frac=3.934e-07 finite=True
[t= 4.0500] mass_v=+6.0000e+00 energy=1.8756e+01 sup_u=1.0065e+01 sup_v=1.0231e+00 edge_frac=1.505e-06 finite=True
[t= 4.1000] mass_v=+6.0000e+00 energy=1.8990e+01 sup_u=9.2772e+00 sup_v=1.0609e+00 edge_frac=1.432e-06 finite=True
[t= 4.1500] mass_v=+6.0000e+00 energy=1.9342e+01 sup_u=9.8424e+00 sup_v=1.2436e+00 edge_frac=1.655e-06 finite=True
[t= 4.2000] mass_v=+6.0000e+00 energy=1.9575e+01 sup_u=9.9372e+00 sup_v=1.3701e+00 edge_frac=2.987e-06 finite=True
[t= 4.2500] mass_v=+6.0000e+00 energy=1.9551e+01 sup_u=9.6905e+00 sup_v=1.1255e+00 edge_frac=3.078e-06 finite=True
[t= 4.3000] mass_v=+6.0000e+00 energy=1.9199e+01 sup_u=9.9735e+00 sup_v=1.0756e+00 edge_frac=2.016e-06 finite=True
[t= 4.3500] mass_v=+6.0000e+00 energy=1.8844e+01 sup_u=1.0017e+01 sup_v=1.0853e+00 edge_frac=5.475e-07 finite=True
[t= 4.4000] mass_v=+6.0000e+00 energy=1.8686e+01 sup_u=9.3919e+00 sup_v=1.1100e+00 edge_frac=2.974e-07 finite=True
[t= 4.4500] mass_v=+6.0000e+00 energy=1.8690e+01 sup_u=9.4559e+00 sup_v=1.1076e+00 edge_frac=2.090e-07 finite=True
[t= 4.5000] mass_v=+6.0000e+00 energy=1.8888e+01 sup_u=1.0172e+01 sup_v=1.1013e+00 edge_frac=4.605e-07 finite=True
[t= 4.5500] mass_v=+6.0000e+00 energy=1.8771e+01 sup_u=9.8856e+00 sup_v=1.1108e+00 edge_frac=4.242e-07 finite=True
[t= 4.6000] mass_v=+6.0000e+00 energy=1.8837e+01 sup_u=9.6660e+00 sup_v=1.1056e+00 edge_frac=4.231e-07 finite=True
[t= 4.6500] mass_v=+6.0000e+00 energy=1.8845e+01 sup_u=9.1102e+00 sup_v=1.0494e+00 edge_frac=5.039e-07 finite=True
[t= 4.7000] mass_v=+6.0000e+00 energy=1.8728e+01 sup_u=9.1398e+00 sup_v=9.7126e-01 edge_frac=3.901e-07 finite=True
[t= 4.7500] mass_v=+6.0000e+00 energy=1.8820e+01 sup_u=9.6658e+00 sup_v=9.0136e-01 edge_frac=4.566e-07 finite=True
[t= 4.8000] mass_v=+6.0000e+00 energy=1.8993e+01 sup_u=1.0354e+01 sup_v=8.5438e-01 edge_frac=5.316e-07 finite=True
[t= 4.8500] mass_v=+6.0000e+00 energy=1.8972e+01 sup_u=9.7697e+00 sup_v=8.6375e-01 edge_frac=6.106e-07 finite=True
[t= 4.9000] mass_v=+6.0000e+00 energy=1.8805e+01 sup_u=9.0528e+00 sup_v=8.2909e-01 edge_frac=2.923e-07 finite=True
[t= 4.9500] mass_v=+6.0000e+00 energy=1.8645e+01 sup_u=9.2064e+00 sup_v=8.1640e-01 edge_frac=4.199e-07 finite=True
[t= 5.0000] mass_v=+6.0000e+00 energy=1.8761e+01 sup_u=1.0208e+01 sup_v=7.8795e-01 edge_frac=2.923e-07 finite=True
[t= 5.0500] mass_v=+6.0000e+00 energy=1.9046e+01 sup_u=1.0094e+01 sup_v=7.6595e-01 edge_frac=7.285e-07 finite=True
[t= 5.1000] mass_v=+6.0000e+00 energy=1.9080e+01 sup_u=9.6395e+00 sup_v=7.1786e-01 edge_frac=9.762e-07 finite=True
[t= 5.1500] mass_v=+6.0000e+00 energy=1.9123e+01 sup_u=1.0412e+01 sup_v=7.3654e-01 edge_frac=5.746e-07 finite=True
[t= 5.2000] mass_v=+6.0000e+00 energy=1.9110e+01 sup_u=1.0341e+01 sup_v=7.7167e-01 edge_frac=1.215e-06 finite=True
[t= 5.2500] mass_v=+6.0000e+00 energy=1.8985e+01 sup_u=9.8595e+00 sup_v=7.7339e-01 edge_frac=4.201e-07 finite=True
[t= 5.3000] mass_v=+6.0000e+00 energy=1.8708e+01 sup_u=8.9691e+00 sup_v=7.9887e-01 edge_frac=9.171e-07 finite=True
[t= 5.3500] mass_v=+6.0000e+00 energy=1.8588e+01 sup_u=9.9862e+00 sup_v=8.4670e-01 edge_frac=4.694e-07 finite=True
[t= 5.4000] mass_v=+6.0000e+00 energy=1.8869e+01 sup_u=1.0335e+01 sup_v=8.9183e-01 edge_frac=8.325e-07 finite=True
[t= 5.4500] mass_v=+6.0000e+00 energy=1.9172e+01 sup_u=9.1772e+00 sup_v=9.4967e-01 edge_frac=1.011e-06 finite=True
[t= 5.5000] mass_v=+6.0000e+00 energy=1.9414e+01 sup_u=1.0444e+01 sup_v=1.0045e+00 edge_frac=1.180e-06 finite=True
[t= 5.5500] mass_v=+6.0000e+00 energy=1.9107e+01 sup_u=1.0071e+01 sup_v=9.9898e-01 edge_frac=1.067e-06 finite=True
[t= 5.6000] mass_v=+6.0000e+00 energy=1.9007e+01 sup_u=9.2670e+00 sup_v=9.9584e-01 edge_frac=7.249e-07 finite=True
[t= 5.6500] mass_v=+6.0000e+00 energy=1.9259e+01 sup_u=1.0461e+01 sup_v=9.8038e-01 edge_frac=1.396e-06 finite=True
[t= 5.7000] mass_v=+6.0000e+00 energy=1.9323e+01 sup_u=9.1629e+00 sup_v=9.7012e-01 edge_frac=1.596e-06 finite=True
[t= 5.7500] mass_v=+6.0000e+00 energy=1.9234e+01 sup_u=1.0444e+01 sup_v=9.7175e-01 edge_frac=1.286e-06 finite=True
[t= 5.8000] mass_v=+6.0000e+00 energy=1.9291e+01 sup_u=1.0144e+01 sup_v=9.4825e-01 edge_frac=9.634e-07 finite=True
[t= 5.8500] mass_v=+6.0000e+00 energy=1.9323e+01 sup_u=9.1950e+00 sup_v=9.1785e-01 edge_frac=8.399e-07 finite=True
[t= 5.9000] mass_v=+6.0000e+00 energy=1.9232e+01 sup_u=1.0450e+01 sup_v=8.8921e-01 edge_frac=6.732e-07 finite=True
[t= 5.9500] mass_v=+6.0000e+00 energy=1.9052e+01 sup_u=9.8363e+00 sup_v=8.8860e-01 edge_frac=6.769e-07 finite=True
[t= 6.0000] mass_v=+6.0000e+00 energy=1.9061e+01 sup_u=9.2628e+00 sup_v=8.9067e-01 edge_frac=5.117e-07 finite=True
[t= 6.0500] mass_v=+6.0000e+00 energy=1.8997e+01 sup_u=1.0265e+01 sup_v=8.5971e-01 edge_frac=4.749e-07 finite=True
[t= 6.1000] mass_v=+6.0000e+00 energy=1.8871e+01 sup_u=9.9602e+00 sup_v=8.0572e-01 edge_frac=4.915e-07 finite=True
[t= 6.1500] mass_v=+6.0000e+00 energy=1.9023e+01 sup_u=9.8008e+00 sup_v=7.9962e-01 edge_frac=3.318e-07 finite=True
[t= 6.2000] mass_v=+6.0000e+00 energy=1.8978e+01 sup_u=1.0379e+01 sup_v=7.9477e-01 edge_frac=2.915e-07 finite=True
[t= 6.2500] mass_v=+6.0000e+00 energy=1.8841e+01 sup_u=9.2903e+00 sup_v=8.3433e-01 edge_frac=2.625e-07 finite=True
[t= 6.3000] mass_v=+6.0000e+00 energy=1.8699e+01 sup_u=9.6863e+00 sup_v=8.4729e-01 edge_frac=2.504e-07 finite=True
[t= 6.3500] mass_v=+6.0000e+00 energy=1.8856e+01 sup_u=1.0293e+01 sup_v=8.2620e-01 edge_frac=4.058e-07 finite=True
[t= 6.4000] mass_v=+6.0000e+00 energy=1.9068e+01 sup_u=9.9508e+00 sup_v=8.1945e-01 edge_frac=4.079e-07 finite=True
[t= 6.4500] mass_v=+6.0000e+00 energy=1.9265e+01 sup_u=1.0426e+01 sup_v=8.0476e-01 edge_frac=4.241e-07 finite=True
[t= 6.5000] mass_v=+6.0000e+00 energy=1.9414e+01 sup_u=9.2184e+00 sup_v=8.6564e-01 edge_frac=4.120e-07 finite=True
[t= 6.5500] mass_v=+6.0000e+00 energy=1.9270e+01 sup_u=1.0568e+01 sup_v=9.3484e-01 edge_frac=2.171e-07 finite=True
[t= 6.6000] mass_v=+6.0000e+00 energy=1.9072e+01 sup_u=1.0437e+01 sup_v=9.9352e-01 edge_frac=2.087e-07 finite=True
[t= 6.6500] mass_v=+6.0000e+00 energy=1.9057e+01 sup_u=9.1780e+00 sup_v=1.0202e+00 edge_frac=1.622e-07 finite=True
[t= 6.7000] mass_v=+6.0000e+00 energy=1.9071e+01 sup_u=9.9124e+00 sup_v=1.0255e+00 edge_frac=1.916e-07 finite=True
[t= 6.7500] mass_v=+6.0000e+00 energy=1.9175e+01 sup_u=1.0641e+01 sup_v=1.0388e+00 edge_frac=1.737e-07 finite=True
[t= 6.8000] mass_v=+6.0000e+00 energy=1.9471e+01 sup_u=9.9699e+00 sup_v=1.0463e+00 edge_frac=2.646e-07 finite=True
[t= 6.8500] mass_v=+6.0000e+00 energy=1.9416e+01 sup_u=1.0323e+01 sup_v=1.0758e+00 edge_frac=2.932e-07 finite=True
[t= 6.9000] mass_v=+6.0000e+00 energy=1.9258e+01 sup_u=9.3718e+00 sup_v=1.0841e+00 edge_frac=2.627e-07 finite=True
[t= 6.9500] mass_v=+6.0000e+00 energy=1.9197e+01 sup_u=1.0357e+01 sup_v=1.0904e+00 edge_frac=3.714e-07 finite=True
[t= 7.0000] mass_v=+6.0000e+00 energy=1.9390e+01 sup_u=1.0024e+01 sup_v=1.0354e+00 edge_frac=1.198e-06 finite=True
[t= 7.0500] mass_v=+6.0000e+00 energy=2.0086e+01 sup_u=1.0677e+01 sup_v=1.0418e+00 edge_frac=1.515e-06 finite=True
[t= 7.1000] mass_v=+6.0000e+00 energy=2.0547e+01 sup_u=1.0515e+01 sup_v=1.3344e+00 edge_frac=3.421e-06 finite=True
[t= 7.1500] mass_v=+6.0000e+00 energy=2.0252e+01 sup_u=1.0196e+01 sup_v=1.0436e+00 edge_frac=3.104e-06 finite=True
[t= 7.2000] mass_v=+6.0000e+00 energy=1.9874e+01 sup_u=9.7050e+00 sup_v=9.0864e-01 edge_frac=1.115e-06 finite=True
[t= 7.2500] mass_v=+6.0000e+00 energy=1.9674e+01 sup_u=1.0473e+01 sup_v=8.7663e-01 edge_frac=6.012e-07 finite=True
[t= 7.3000] mass_v=+6.0000e+00 energy=1.9645e+01 sup_u=1.0410e+01 sup_v=8.5721e-01 edge_frac=5.332e-07 finite=True
[t= 7.3500] mass_v=+6.0000e+00 energy=1.9640e+01 sup_u=9.4872e+00 sup_v=8.5414e-01 edge_frac=9.920e-07 finite=True
[t= 7.4000] mass_v=+6.0000e+00 energy=1.9483e+01 sup_u=1.0887e+01 sup_v=8.4054e-01 edge_frac=4.378e-07 finite=True
[t= 7.4500] mass_v=+6.0000e+00 energy=1.9404e+01 sup_u=1.0201e+01 sup_v=8.2481e-01 edge_frac=1.668e-07 finite=True
[t= 7.5000] mass_v=+6.0000e+00 energy=1.9505e+01 sup_u=1.0458e+01 sup_v=7.8402e-01 edge_frac=2.347e-07 finite=True
[t= 7.5500] mass_v=+6.0000e+00 energy=1.9391e+01 sup_u=9.6749e+00 sup_v=7.4241e-01 edge_frac=2.207e-07 finite=True
[t= 7.6000] mass_v=+6.0000e+00 energy=1.9340e+01 sup_u=1.0139e+01 sup_v=6.7541e-01 edge_frac=2.499e-07 finite=True
[t= 7.6500] mass_v=+6.0000e+00 energy=1.9479e+01 sup_u=1.0499e+01 sup_v=6.7960e-01 edge_frac=2.874e-07 finite=True
[t= 7.7000] mass_v=+6.0000e+00 energy=1.9634e+01 sup_u=1.0074e+01 sup_v=7.2906e-01 edge_frac=2.795e-07 finite=True
[t= 7.7500] mass_v=+6.0000e+00 energy=2.0052e+01 sup_u=1.0733e+01 sup_v=7.4756e-01 edge_frac=9.209e-07 finite=True
[t= 7.8000] mass_v=+6.0000e+00 energy=2.0065e+01 sup_u=9.8838e+00 sup_v=7.5388e-01 edge_frac=8.479e-07 finite=True
[t= 7.8500] mass_v=+6.0000e+00 energy=1.9773e+01 sup_u=1.0698e+01 sup_v=7.6166e-01 edge_frac=3.516e-07 finite=True
[t= 7.9000] mass_v=+6.0000e+00 energy=1.9567e+01 sup_u=9.5438e+00 sup_v=7.2912e-01 edge_frac=3.548e-07 finite=True
[t= 7.9500] mass_v=+6.0000e+00 energy=1.9600e+01 sup_u=1.0805e+01 sup_v=7.9632e-01 edge_frac=4.482e-07 finite=True
[t= 8.0000] mass_v=+6.0000e+00 energy=1.9720e+01 sup_u=9.6441e+00 sup_v=8.4366e-01 edge_frac=9.712e-07 finite=True
[t= 8.0500] mass_v=+6.0000e+00 energy=1.9982e+01 sup_u=1.0862e+01 sup_v=8.8171e-01 edge_frac=1.740e-06 finite=True
[t= 8.1000] mass_v=+6.0000e+00 energy=2.0276e+01 sup_u=9.8410e+00 sup_v=9.3478e-01 edge_frac=1.363e-06 finite=True
[t= 8.1500] mass_v=+6.0000e+00 energy=2.0172e+01 sup_u=1.0812e+01 sup_v=9.7064e-01 edge_frac=1.480e-06 finite=True
[t= 8.2000] mass_v=+6.0000e+00 energy=1.9993e+01 sup_u=9.5598e+00 sup_v=9.7317e-01 edge_frac=7.344e-07 finite=True
[t= 8.2500] mass_v=+6.0000e+00 energy=2.0049e+01 sup_u=1.0803e+01 sup_v=9.5928e-01 edge_frac=2.077e-06 finite=True
[t= 8.3000] mass_v=+6.0000e+00 energy=2.0458e+01 sup_u=1.0688e+01 sup_v=9.5548e-01 edge_frac=1.582e-06 finite=True
[t= 8.3500] mass_v=+6.0000e+00 energy=2.0388e+01 sup_u=9.7435e+00 sup_v=1.0303e+00 edge_frac=2.630e-06 finite=True
[t= 8.4000] mass_v=+6.0000e+00 energy=2.0093e+01 sup_u=1.0761e+01 sup_v=1.0785e+00 edge_frac=1.929e-06 finite=True
[t= 8.4500] mass_v=+6.0000e+00 energy=2.0090e+01 sup_u=1.0238e+01 sup_v=1.0715e+00 edge_frac=7.719e-07 finite=True
[t= 8.5000] mass_v=+6.0000e+00 energy=2.0190e+01 sup_u=1.0102e+01 sup_v=9.8198e-01 edge_frac=1.223e-06 finite=True
[t= 8.5500] mass_v=+6.0000e+00 energy=2.0166e+01 sup_u=1.0584e+01 sup_v=9.3146e-01 edge_frac=1.459e-06 finite=True
[t= 8.6000] mass_v=+6.0000e+00 energy=2.0016e+01 sup_u=1.0200e+01 sup_v=9.1499e-01 edge_frac=1.008e-06 finite=True
[t= 8.6500] mass_v=+6.0000e+00 energy=1.9726e+01 sup_u=1.0492e+01 sup_v=8.7667e-01 edge_frac=3.029e-07 finite=True
[t= 8.7000] mass_v=+6.0000e+00 energy=1.9696e+01 sup_u=1.0648e+01 sup_v=8.5902e-01 edge_frac=5.346e-07 finite=True
[t= 8.7500] mass_v=+6.0000e+00 energy=1.9656e+01 sup_u=9.9759e+00 sup_v=8.5062e-01 edge_frac=4.220e-07 finite=True
[t= 8.8000] mass_v=+6.0000e+00 energy=1.9737e+01 sup_u=1.0484e+01 sup_v=8.2135e-01 edge_frac=5.726e-07 finite=True
[t= 8.8500] mass_v=+6.0000e+00 energy=2.0042e+01 sup_u=1.0262e+01 sup_v=7.9446e-01 edge_frac=5.313e-07 finite=True
[t= 8.9000] mass_v=+6.0000e+00 energy=2.0224e+01 sup_u=1.0395e+01 sup_v=8.1400e-01 edge_frac=8.192e-07 finite=True
[t= 8.9500] mass_v=+6.0000e+00 energy=2.0180e+01 sup_u=9.2808e+00 sup_v=8.0162e-01 edge_frac=6.130e-07 finite=True
[t= 9.0000] mass_v=+6.0000e+00 energy=2.0034e+01 sup_u=1.0397e+01 sup_v=7.8733e-01 edge_frac=6.351e-07 finite=True
[t= 9.0500] mass_v=+6.0000e+00 energy=1.9885e+01 sup_u=9.3967e+00 sup_v=8.0719e-01 edge_frac=9.124e-07 finite=True
[t= 9.1000] mass_v=+6.0000e+00 energy=1.9934e+01 sup_u=1.0674e+01 sup_v=8.1238e-01 edge_frac=5.331e-07 finite=True
[t= 9.1500] mass_v=+6.0000e+00 energy=2.0020e+01 sup_u=9.4855e+00 sup_v=8.1275e-01 edge_frac=3.339e-07 finite=True
[t= 9.2000] mass_v=+6.0000e+00 energy=1.9860e+01 sup_u=1.0697e+01 sup_v=8.0284e-01 edge_frac=3.116e-07 finite=True
[t= 9.2500] mass_v=+6.0000e+00 energy=1.9894e+01 sup_u=9.4694e+00 sup_v=7.6311e-01 edge_frac=2.802e-07 finite=True
[t= 9.3000] mass_v=+6.0000e+00 energy=2.0029e+01 sup_u=1.0855e+01 sup_v=7.0843e-01 edge_frac=3.407e-07 finite=True
[t= 9.3500] mass_v=+6.0000e+00 energy=2.0351e+01 sup_u=9.8970e+00 sup_v=6.7105e-01 edge_frac=4.948e-07 finite=True
[t= 9.4000] mass_v=+6.0000e+00 energy=2.0330e+01 sup_u=9.7995e+00 sup_v=7.1275e-01 edge_frac=4.591e-07 finite=True
[t= 9.4500] mass_v=+6.0000e+00 energy=2.0496e+01 sup_u=1.0887e+01 sup_v=7.2774e-01 edge_frac=7.089e-07 finite=True
[t= 9.5000] mass_v=+6.0000e+00 energy=2.0431e+01 sup_u=1.0308e+01 sup_v=7.4754e-01 edge_frac=3.117e-07 finite=True
[t= 9.5500] mass_v=+6.0000e+00 energy=2.0137e+01 sup_u=1.0472e+01 sup_v=7.9490e-01 edge_frac=3.077e-07 finite=True
[t= 9.6000] mass_v=+6.0000e+00 energy=2.0091e+01 sup_u=1.0468e+01 sup_v=8.4584e-01 edge_frac=3.211e-07 finite=True
[t= 9.6500] mass_v=+6.0000e+00 energy=2.0203e+01 sup_u=9.5162e+00 sup_v=8.8833e-01 edge_frac=4.783e-07 finite=True
[t= 9.7000] mass_v=+6.0000e+00 energy=2.0477e+01 sup_u=1.0926e+01 sup_v=9.0261e-01 edge_frac=1.393e-06 finite=True
[t= 9.7500] mass_v=+6.0000e+00 energy=2.0738e+01 sup_u=9.7973e+00 sup_v=9.3809e-01 edge_frac=5.116e-07 finite=True
[t= 9.8000] mass_v=+6.0000e+00 energy=2.0515e+01 sup_u=1.0234e+01 sup_v=9.5831e-01 edge_frac=7.301e-07 finite=True
[t= 9.8500] mass_v=+6.0000e+00 energy=2.0336e+01 sup_u=1.0164e+01 sup_v=9.4321e-01 edge_frac=1.531e-06 finite=True
[t= 9.9000] mass_v=+6.0000e+00 energy=2.0581e+01 sup_u=9.3219e+00 sup_v=9.1683e-01 edge_frac=1.452e-06 finite=True
[t= 9.9500] mass_v=+6.0000e+00 energy=2.1212e+01 sup_u=1.0612e+01 sup_v=1.0696e+00 edge_frac=2.980e-06 finite=True
[t=10.0000] mass_v=+6.0000e+00 energy=2.1455e+01 sup_u=1.0535e+01 sup_v=1.1553e+00 edge_frac=1.148e-06 finite=True
[final] t_final=10.0000 sup_u=1.0535e+01 sup_v=1.1553e+00 mass_v=+6.0000e+00 energy=2.1455e+01 finite=True elapsed=22.40s
[summary] blowup_t=None edge_alert_t=None reached_T10=True

EXIT_CODE=0
