# B2/PosNeg E3: Nx=256, L=30.0, dt=0.0001, nu=0.05
# 2/3 dealias kept 171 / 256 modes
# Part A: fine A-sweep at uL in {0.5, 1.5}, T=2.0
  run sol_only_A0.70
  run sol_only_A0.85
  run sol_only_A1.00
  run sol_only_A1.15
  run sol_only_A1.30
  run sol_only_A1.45
  run sol_only_A1.60
  run sol_only_A1.75
  run partA_uL0.50_A0.70
    -> vp=0.384 vp0=0.422 npk=2 xc=-2.79 dx_centroid=+0.580 retent=0.911
  run partA_uL0.50_A0.85
    -> vp=0.459 vp0=0.551 npk=1 xc=-1.96 dx_centroid=+0.492 retent=0.833
  run partA_uL0.50_A1.00
    -> vp=0.524 vp0=0.686 npk=1 xc=-1.08 dx_centroid=+0.398 retent=0.764
  run partA_uL0.50_A1.15
    -> vp=0.554 vp0=0.783 npk=1 xc=-0.21 dx_centroid=+0.241 retent=0.707
  run partA_uL0.50_A1.30
    -> vp=0.575 vp0=0.880 npk=1 xc=0.58 dx_centroid=+0.006 retent=0.654
  run partA_uL0.50_A1.45
    -> vp=0.608 vp0=0.953 npk=1 xc=1.29 dx_centroid=-0.279 retent=0.638
  run partA_uL0.50_A1.60
    -> vp=0.629 vp0=0.989 npk=1 xc=1.87 dx_centroid=-0.591 retent=0.636
  run partA_uL0.50_A1.75
    -> vp=0.632 vp0=1.032 npk=1 xc=2.33 dx_centroid=-0.889 retent=0.612
  run partA_uL1.50_A0.70
    -> vp=0.426 vp0=0.422 npk=2 xc=-1.24 dx_centroid=+2.138 retent=1.011
  run partA_uL1.50_A0.85
    -> vp=0.493 vp0=0.551 npk=1 xc=-0.72 dx_centroid=+1.739 retent=0.894
  run partA_uL1.50_A1.00
    -> vp=0.525 vp0=0.686 npk=1 xc=-0.26 dx_centroid=+1.214 retent=0.765
  run partA_uL1.50_A1.15
    -> vp=0.539 vp0=0.783 npk=1 xc=0.21 dx_centroid=+0.660 retent=0.689
  run partA_uL1.50_A1.30
    -> vp=0.547 vp0=0.880 npk=1 xc=0.70 dx_centroid=+0.126 retent=0.621
  run partA_uL1.50_A1.45
    -> vp=0.554 vp0=0.953 npk=1 xc=1.19 dx_centroid=-0.378 retent=0.581
  run partA_uL1.50_A1.60
    -> vp=0.568 vp0=0.989 npk=1 xc=1.62 dx_centroid=-0.847 retent=0.575
  run partA_uL1.50_A1.75
    -> vp=0.589 vp0=1.032 npk=1 xc=1.98 dx_centroid=-1.244 retent=0.571
# Part B: encounter completion at A=1.5, T=3.0, vary bore_w
  run partB_uL0.50_bw0.25
    -> vp=0.477 npk=1 xc=1.35 dx=-1.133 retent=0.626
  run partB_uL0.50_bw0.50
    -> vp=0.477 npk=1 xc=1.35 dx=-1.133 retent=0.626
  run partB_uL0.50_bw1.00
    -> vp=0.477 npk=1 xc=1.35 dx=-1.133 retent=0.626
  run partB_uL1.50_bw0.25
    -> vp=0.468 npk=1 xc=1.30 dx=-1.187 retent=0.613
  run partB_uL1.50_bw0.50
    -> vp=0.468 npk=1 xc=1.30 dx=-1.188 retent=0.613
  run partB_uL1.50_bw1.00
    -> vp=0.468 npk=1 xc=1.30 dx=-1.187 retent=0.614
# Part C: vary initial separation d, A=1.5, uL=0.5, T=2.0
  run partC_free_sep6.0
  run partC_sep6.0
    -> vp=0.626 npk=1 xc=5.53 free_xc=5.87 dx=-0.340 retent=0.648
  run partC_free_sep9.0
  run partC_sep9.0
    -> vp=0.618 npk=1 xc=2.50 free_xc=2.88 dx=-0.380 retent=0.640
  run partC_free_sep12.0
  run partC_sep12.0
    -> vp=0.618 npk=1 xc=-0.50 free_xc=-0.12 dx=-0.382 retent=0.639

# PART A summary -- dx_centroid (interaction - free) vs A
A      | uL=0.5 dx_centroid | uL=1.5 dx_centroid | uL=0.5 retention | uL=1.5 retention
 0.70  | +0.580             | +2.138             | 0.911           | 1.011
 0.85  | +0.492             | +1.739             | 0.833           | 0.894
 1.00  | +0.398             | +1.214             | 0.764           | 0.765
 1.15  | +0.241             | +0.660             | 0.707           | 0.689
 1.30  | +0.006             | +0.126             | 0.654           | 0.621
 1.45  | -0.279             | -0.378             | 0.638           | 0.581
 1.60  | -0.591             | -0.847             | 0.636           | 0.575
 1.75  | -0.889             | -1.244             | 0.612           | 0.571

# PART B summary -- A=1.5 long-T encounter; bore_w sweep
uL  bore_w  vp   npk  xc       dx_centroid  retention  bore_h
0.5  0.25    0.477  1   +1.35   -1.133      0.626      1.810
0.5  0.50    0.477  1   +1.35   -1.133      0.626      1.810
0.5  1.00    0.477  1   +1.35   -1.133      0.626      1.811
1.5  0.25    0.468  1   +1.30   -1.187      0.613      2.376
1.5  0.50    0.468  1   +1.30   -1.188      0.613      2.376
1.5  1.00    0.468  1   +1.30   -1.187      0.614      2.376

# PART C summary -- vary initial separation, A=1.5, uL=0.5, T=2
sep  vp   npk  xc       free_xc   dx_centroid  retention
6    0.626  1   +5.53   +5.87    -0.340      0.648
9    0.618  1   +2.50   +2.88    -0.380      0.640
12    0.618  1   -0.50   -0.12    -0.382      0.639

# Wall time: 235.8s
# Saved: /Users/dietcoke/Documents/Project/00-simulation_software/paper/Negative_Knowledge/section4/stage2_v3/class_B/runs/B2/PosNeg/evidence/E3_summary.json
