/Users/dietcoke/Documents/Project/00-simulation_software/paper/Negative_Knowledge/section4/stage1_v3/runs/BKdV-S3/round1/candidate.py:56: RuntimeWarning: overflow encountered in multiply
  def nl_hat(a, b): return dealias * fft(a * b)
/Users/dietcoke/Documents/Project/00-simulation_software/paper/experiments/pilot_2026-05-10/.venv/lib/python3.14/site-packages/numpy/fft/_pocketfft.py:101: RuntimeWarning: invalid value encountered in fft
  return ufunc(a, fct, axes=[(axis,), (), (axis,)], out=out)
/Users/dietcoke/Documents/Project/00-simulation_software/paper/Negative_Knowledge/section4/stage1_v3/runs/BKdV-S3/round1/candidate.py:56: RuntimeWarning: invalid value encountered in multiply
  def nl_hat(a, b): return dealias * fft(a * b)
/Users/dietcoke/Documents/Project/00-simulation_software/paper/Negative_Knowledge/section4/stage1_v3/runs/BKdV-S3/round1/candidate.py:65: RuntimeWarning: invalid value encountered in multiply
  u_hat_t = -ik * (1.5 * u2_h + 3.0 * v2_h + v_xx_h) + hyper * u_hat
/Users/dietcoke/Documents/Project/00-simulation_software/paper/Negative_Knowledge/section4/stage1_v3/runs/BKdV-S3/round1/candidate.py:66: RuntimeWarning: invalid value encountered in multiply
  v_hat_t_nl = -ik * (3.0 * v2_h + uv_h)

=== IC G_gauss : vmax0=0.800, L2_v0=1.267 ===
  done in 7.5s  blew_up=False
  late: vmax=0.458, npeaks_v=1, frac_low_v=0.998, lock=0.392 -> INCOHERENT

=== IC S_sech2 : vmax0=0.800, L2_v0=1.131 ===
  done in 8.0s  blew_up=False
  late: vmax=0.422, npeaks_v=1, frac_low_v=0.999, lock=0.467 -> INCOHERENT

=== IC N_noise : vmax0=3.768, L2_v0=4.382 ===
[N_noise] NaN at step 5963, t=1.4908
  done in 1.0s  blew_up=True
  late: vmax=5.269, npeaks_v=31, frac_low_v=0.070, lock=0.069 -> INCOHERENT

=== IC P2_twopulse : vmax0=0.800, L2_v0=1.449 ===
  done in 7.5s  blew_up=False
  late: vmax=0.671, npeaks_v=2, frac_low_v=0.996, lock=0.444 -> COHERENT

=== IC K_sin : vmax0=0.800, L2_v0=3.098 ===
[K_sin] NaN at step 33513, t=8.3783
  done in 5.0s  blew_up=True
  late: vmax=5.044, npeaks_v=18, frac_low_v=0.247, lock=0.072 -> INCOHERENT

Saved evidence/E1_summary.json
{
  "G_gauss": {
    "vmax_late": 0.4581799601209229,
    "npeaks_v_late": 1,
    "fracL_v_late": 0.9975582876011698,
    "lock_late": 0.39232162980443075,
    "coherent": false,
    "blew_up": false,
    "vmax0": 0.7999877930618818,
    "L2_v0": 1.2665867896689276
  },
  "S_sech2": {
    "vmax_late": 0.4223846481136502,
    "npeaks_v_late": 1,
    "fracL_v_late": 0.9992768086067555,
    "lock_late": 0.4672562336190538,
    "coherent": false,
    "blew_up": false,
    "vmax0": 0.7999782990035638,
    "L2_v0": 1.1313708498984747
  },
  "N_noise": {
    "vmax_late": 5.2687138449941955,
    "npeaks_v_late": 31,
    "fracL_v_late": 0.06972450882150191,
    "lock_late": 0.06887853454801755,
    "coherent": false,
    "blew_up": true,
    "vmax0": 3.767746529725251,
    "L2_v0": 4.381780460041329
  },
  "P2_twopulse": {
    "vmax_late": 0.6705291515914498,
    "npeaks_v_late": 2,
    "fracL_v_late": 0.9963821740695759,
    "lock_late": 0.44435315556626054,
    "coherent": true,
    "blew_up": false,
    "vmax0": 0.7998209475605055,
    "L2_v0": 1.4491221553415834
  },
  "K_sin": {
    "vmax_late": 5.044425177509269,
    "npeaks_v_late": 18,
    "fracL_v_late": 0.24659075633566874,
    "lock_late": 0.07217913492395377,
    "coherent": false,
    "blew_up": true,
    "vmax0": 0.8,
    "L2_v0": 3.098386676965933
  }
}
EXIT=0
