/Users/dietcoke/Documents/Project/00-simulation_software/paper/Negative_Knowledge/section4/stage1_v3/runs/BKdV-S4/round2/candidate.py:59: RuntimeWarning: overflow encountered in multiply
  def nl_hat(a, b): return dealias * fft(a * b)
/Users/dietcoke/Documents/Project/00-simulation_software/paper/experiments/pilot_2026-05-10/.venv/lib/python3.14/site-packages/numpy/fft/_pocketfft.py:101: RuntimeWarning: invalid value encountered in fft
  return ufunc(a, fct, axes=[(axis,), (), (axis,)], out=out)
/Users/dietcoke/Documents/Project/00-simulation_software/paper/Negative_Knowledge/section4/stage1_v3/runs/BKdV-S4/round2/candidate.py:59: RuntimeWarning: invalid value encountered in multiply
  def nl_hat(a, b): return dealias * fft(a * b)
/Users/dietcoke/Documents/Project/00-simulation_software/paper/Negative_Knowledge/section4/stage1_v3/runs/BKdV-S4/round2/candidate.py:67: RuntimeWarning: invalid value encountered in multiply
  u_hat_t = -ik * (1.5 * u2_h + 3.0 * v2_h + v_xx_h) + hyper_op * u_hat
/Users/dietcoke/Documents/Project/00-simulation_software/paper/Negative_Knowledge/section4/stage1_v3/runs/BKdV-S4/round2/candidate.py:68: RuntimeWarning: invalid value encountered in multiply
  v_hat_t_nl = -ik * (3.0 * v2_h + uv_h)
== BKdV-S4 / E2 — Nx 256→512 (dt=0.0005, T=10.0) ==
   E1 ν_h*k_max^16 ≈ 7.12 (stable explicit-RK4 cone).
   E2a: literal one-parameter change: ν_h held at 1e-22 → stack blow-up expected.
   E2b: rescaled ν_h=1e-22/2^16 ≈ 1.53e-27 preserves ν_h*k_max^16 → valid Nx-only physics probe.

-- E2a_Nx512_HVfixedValue_NAIVE: Nx=512, dt=0.0005, ν_h=1.000e-22
   kmax=53.617, ν_h*kmax^16=4.664e+05, explicit-RK4 stab dt ≈ 4.29e-06
   NaN at step 4, t=0.0020
   wall=0.0s, blew_up=True

-- E2b_Nx512_HVrescaled_FAIR: Nx=512, dt=0.0005, ν_h=1.526e-27
   kmax=53.617, ν_h*kmax^16=7.117e+00, explicit-RK4 stab dt ≈ 2.81e-01
   NaN at step 193, t=0.0965
   wall=0.0s, blew_up=True

-- E2c_Nx512_HVrescaled_dt1e-4: Nx=512, dt=0.0001, ν_h=1.526e-27
   kmax=53.617, ν_h*kmax^16=7.117e+00, explicit-RK4 stab dt ≈ 2.81e-01
   wall=19.6s, blew_up=False

=== End-state diagnostics (E2 vs E1) ===
diag          E1 (Nx256)   E2a (naive)       Δ% E2b (fair-dt5e-4)       Δ% E2c (fair-dt1e-4)       Δ%
m_l2_T             2.456             0  -100.00                 0  -100.00             1.646   -32.97
m_inf_T            3.667             0  -100.00                 0  -100.00             2.239   -38.95
lock_T            0.1997             1  +400.68                 1  +400.68            0.4776  +139.12
L2_u_T             2.489         1.076   -56.78             1.076   -56.78             1.694   -31.92
L2_v_T            0.8292         1.732  +108.89             1.732  +108.89            0.7222   -12.91
energy_T           3.547         3.279    -7.57             3.279    -7.57             1.736   -51.05
u_peak_T            3.67         1.124   -69.37             1.124   -69.37             2.244   -38.87
v_peak_T          0.5454         1.499  +174.92             1.499  +174.92            0.3832   -29.75
eh_u_T            0.1606        0.0051   -96.82            0.0051   -96.82           0.05883   -63.37
eh_v_T         9.621e-05      0.003118 +3140.98          0.003118 +3140.98         9.351e-06   -90.28

E2 summary:
{
  "tag": "E2_Nx_doubling",
  "compared_to": "E1_baseline (Nx=256, dt=5e-4, \u03bd_h=1e-22, explicit HV in rhs)",
  "params_common": {
    "dt": 0.0005,
    "T_final": 10.0
  },
  "E1_end": {
    "m_l2_T": 2.4556987212087398,
    "m_inf_T": 3.667195041062041,
    "lock_T": 0.19972848040193072,
    "L2_u_T": 2.4888646337102673,
    "L2_v_T": 0.8291634077271617,
    "energy_T": 3.546971654287454,
    "u_peak_T": 3.67045177245601,
    "v_peak_T": 0.5454010900543782,
    "eh_u_T": 0.16062756929166264,
    "eh_v_T": 9.62115589830121e-05
  },
  "E2a_Nx512_naive": {
    "Nx": 512,
    "HYPER": 1e-22,
    "\u03bd_h*kmax^16": 438107.5173430393,
    "blew_up": true,
    "blow_t": 0.002,
    "blow_step": 4,
    "interpretation": "naive Nx doubling violates explicit-RK4 stability bound dt \u2272 2/(\u03bd_h k_max^16).",
    "end": {
      "m_l2_T": 0.0,
      "m_inf_T": 0.0,
      "lock_T": 1.0000000000000002,
      "L2_u_T": 1.0757057484009542,
      "L2_v_T": 1.7320508075688772,
      "energy_T": 3.2785714285714302,
      "u_peak_T": 1.1241420749725957,
      "v_peak_T": 1.4994279408978584,
      "eh_u_T": 0.005100467599944484,
      "eh_v_T": 0.0031181944796728487
    },
    "pct_shift_vs_E1": {
      "m_l2_T": -100.0,
      "m_inf_T": -100.00000000000001,
      "lock_T": 400.67972178410145,
      "L2_u_T": -56.779258549013605,
      "L2_v_T": 108.8913706788678,
      "energy_T": -7.567024827829991,
      "u_peak_T": -69.3731958717333,
      "v_peak_T": 174.92206529113477,
      "eh_u_T": -96.8246624023282,
      "eh_v_T": 3140.976980971094
    }
  },
  "E2b_Nx512_fair_dt5e-4": {
    "Nx": 512,
    "HYPER": 1.52587890625e-27,
    "dt": 0.0005,
    "\u03bd_h*kmax^16": 6.684990193832997,
    "blew_up": true,
    "blow_t": 0.09650000000000007,
    "blow_step": 193,
    "rescaling": "\u03bd_h \u2190 \u03bd_h_baseline / 2^16  (preserves \u03bd_h*k_max^16, the spectral filter strength at k_max)",
    "interpretation": "with HV rescaling the explicit hyperviscous bound is restored, but the u-equation -ik\u00b7v_xx coupling still has a dispersion-CFL \u2248 2.83/k_max^3 \u2248 1.84e-5 at Nx=512; dt=5e-4 still violates this by ~30\u00d7.",
    "end": {
      "m_l2_T": 0.0,
      "m_inf_T": 0.0,
      "lock_T": 1.0000000000000002,
      "L2_u_T": 1.0757057484009542,
      "L2_v_T": 1.7320508075688772,
      "energy_T": 3.2785714285714302,
      "u_peak_T": 1.1241420749725957,
      "v_peak_T": 1.4994279408978584,
      "eh_u_T": 0.005100467599944484,
      "eh_v_T": 0.0031181944796728487
    },
    "pct_shift_vs_E1": {
      "m_l2_T": -100.0,
      "m_inf_T": -100.00000000000001,
      "lock_T": 400.67972178410145,
      "L2_u_T": -56.779258549013605,
      "L2_v_T": 108.8913706788678,
      "energy_T": -7.567024827829991,
      "u_peak_T": -69.3731958717333,
      "v_peak_T": 174.92206529113477,
      "eh_u_T": -96.8246624023282,
      "eh_v_T": 3140.976980971094
    },
    "max_abs_shift_pct_finite": 3140.976980971094
  },
  "E2c_Nx512_fair_dt1e-4": {
    "Nx": 512,
    "HYPER": 1.52587890625e-27,
    "dt": 0.0001,
    "blew_up": false,
    "rescaling": "\u03bd_h \u2190 \u03bd_h_baseline / 2^16, dt \u2190 1e-4 (within both stability cones)",
    "interpretation": "fully stable Nx=512 comparison; tests whether Nx alone (with consistent numerics) shifts physics by > 5 %.",
    "end": {
      "m_l2_T": 1.646172260268118,
      "m_inf_T": 2.238985566111279,
      "lock_T": 0.4775982842575873,
      "L2_u_T": 1.6943651222494858,
      "L2_v_T": 0.7221520802145596,
      "energy_T": 1.7363226205656859,
      "u_peak_T": 2.2437653019082413,
      "v_peak_T": 0.3831680688646703,
      "eh_u_T": 0.05883023622974613,
      "eh_v_T": 9.351136478702145e-06
    },
    "pct_shift_vs_E1": {
      "m_l2_T": -32.96521898020772,
      "m_inf_T": -38.94555536203888,
      "lock_T": 139.12377608665295,
      "L2_u_T": -31.922166464970974,
      "L2_v_T": -12.905939470475818,
      "energy_T": -51.047744673491245,
      "u_peak_T": -38.86950596256248,
      "v_peak_T": -29.74563567035276,
      "eh_u_T": -63.37475783940677,
      "eh_v_T": -90.28065174543813
    },
    "max_abs_shift_pct_finite": 139.12377608665295
  },
  "stability_note": "Explicit-RK4 stability for hyperviscous term: dt \u2272 2/(\u03bd_h k_max^16). At (Nx=256, \u03bd_h=1e-22): bound \u2248 0.28, dt=5e-4 stable. At (Nx=512, \u03bd_h=1e-22): bound \u2248 4.3e-6, dt=5e-4 violates \u2192 blow-up. Rescaling \u03bd_h \u2190 \u03bd_h/2^16 at Nx=512 restores the bound to \u2248 0.28."
}
saved /Users/dietcoke/Documents/Project/00-simulation_software/paper/Negative_Knowledge/section4/stage1_v3/runs/BKdV-S4/round2/E2_summary.json
EXIT=0
