[grid]  Nx=256  L=30.0  dx=1.1719e-01
[time]  T=6.0  dt=1.0000e-04  nsteps=60000
[IC]    v0=1.5 sech^2(x+5)   u0=1.5(1-tanh(x/0.5))/2 (smoothed bore)
[stack] Fourier pseudospectral + 2/3 dealias + classical RK4 ; NO u-viscosity/hyperviscosity/filter
[init]  mass_u=+2.258789e+01 mass_v=+3.000000e+00 energy=1.815967e+01 u_max=1.5000 v_max=1.4977 u_high_k_E=8.038e-04
[t= 0.2000] mass_u=+2.2588e+01 u_max=1.9844 u_min=-0.2441 v_max=1.3384 energy=1.8341e+01 u_hk=8.038e-04 finite=True
[t= 0.4000] mass_u=+2.2588e+01 u_max=2.3453 u_min=-0.2168 v_max=1.1596 energy=1.8787e+01 u_hk=8.038e-04 finite=True
[t= 0.6000] mass_u=+2.2588e+01 u_max=2.5365 u_min=-0.2759 v_max=1.0139 energy=1.9307e+01 u_hk=8.038e-04 finite=True
[t= 0.8000] mass_u=+2.2588e+01 u_max=2.6459 u_min=-0.3827 v_max=0.9058 energy=1.9770e+01 u_hk=8.038e-04 finite=True
[t= 1.0000] mass_u=+2.2588e+01 u_max=3.0720 u_min=-0.3642 v_max=0.8126 energy=2.0124e+01 u_hk=8.038e-04 finite=True
[t= 1.2000] mass_u=+2.2588e+01 u_max=2.8927 u_min=-0.4072 v_max=0.7466 energy=2.0398e+01 u_hk=8.038e-04 finite=True
[t= 1.4000] mass_u=+2.2588e+01 u_max=3.3674 u_min=-0.3636 v_max=0.6732 energy=2.0645e+01 u_hk=8.038e-04 finite=True
[t= 1.6000] mass_u=+2.2588e+01 u_max=3.1774 u_min=-0.4163 v_max=0.6137 energy=2.0861e+01 u_hk=8.038e-04 finite=True
[t= 1.8000] mass_u=+2.2588e+01 u_max=3.2762 u_min=-0.5778 v_max=0.5825 energy=2.0897e+01 u_hk=8.038e-04 finite=True
[t= 2.0000] mass_u=+2.2588e+01 u_max=3.3332 u_min=-0.7063 v_max=0.5819 energy=2.0955e+01 u_hk=8.038e-04 finite=True
[t= 2.2000] mass_u=+2.2588e+01 u_max=3.1368 u_min=-0.5166 v_max=0.5555 energy=2.0955e+01 u_hk=8.038e-04 finite=True
[t= 2.4000] mass_u=+2.2588e+01 u_max=2.9865 u_min=-0.5963 v_max=0.5652 energy=2.0919e+01 u_hk=8.038e-04 finite=True
[t= 2.6000] mass_u=+2.2588e+01 u_max=2.9587 u_min=-0.5035 v_max=0.6104 energy=2.0896e+01 u_hk=8.038e-04 finite=True
[t= 2.8000] mass_u=+2.2588e+01 u_max=3.2585 u_min=-0.9036 v_max=0.5926 energy=2.0908e+01 u_hk=8.038e-04 finite=True
[t= 3.0000] mass_u=+2.2588e+01 u_max=2.8768 u_min=-0.7012 v_max=0.5832 energy=2.0902e+01 u_hk=8.038e-04 finite=True
[t= 3.2000] mass_u=+2.2588e+01 u_max=3.0154 u_min=-0.7301 v_max=0.6149 energy=2.0827e+01 u_hk=8.038e-04 finite=True
[t= 3.4000] mass_u=+2.2588e+01 u_max=2.8711 u_min=-0.6033 v_max=0.6514 energy=2.0792e+01 u_hk=8.038e-04 finite=True
[t= 3.6000] mass_u=+2.2588e+01 u_max=2.9032 u_min=-0.6907 v_max=0.6821 energy=2.0682e+01 u_hk=8.038e-04 finite=True
[t= 3.8000] mass_u=+2.2588e+01 u_max=2.8310 u_min=-1.1934 v_max=0.6851 energy=2.0620e+01 u_hk=8.038e-04 finite=True
[t= 4.0000] mass_u=+2.2588e+01 u_max=2.8690 u_min=-0.5857 v_max=0.6214 energy=2.0539e+01 u_hk=8.038e-04 finite=True
[t= 4.2000] mass_u=+2.2588e+01 u_max=2.9076 u_min=-1.0437 v_max=0.6565 energy=2.0554e+01 u_hk=8.038e-04 finite=True
[t= 4.4000] mass_u=+2.2588e+01 u_max=3.1864 u_min=-1.0351 v_max=0.6541 energy=2.0523e+01 u_hk=8.038e-04 finite=True
[t= 4.6000] mass_u=+2.2588e+01 u_max=3.2479 u_min=-1.0684 v_max=0.6629 energy=2.0428e+01 u_hk=8.038e-04 finite=True
[t= 4.8000] mass_u=+2.2588e+01 u_max=3.4091 u_min=-1.0007 v_max=0.6364 energy=2.0238e+01 u_hk=8.038e-04 finite=True
[t= 5.0000] mass_u=+2.2588e+01 u_max=3.1534 u_min=-1.0749 v_max=0.6143 energy=2.0015e+01 u_hk=8.038e-04 finite=True
[t= 5.2000] mass_u=+2.2588e+01 u_max=3.2530 u_min=-1.0468 v_max=0.6332 energy=1.9941e+01 u_hk=8.038e-04 finite=True
[t= 5.4000] mass_u=+2.2588e+01 u_max=3.4438 u_min=-0.7173 v_max=0.7060 energy=1.9924e+01 u_hk=8.038e-04 finite=True
[t= 5.6000] mass_u=+2.2588e+01 u_max=3.2606 u_min=-0.9169 v_max=0.7677 energy=1.9908e+01 u_hk=8.038e-04 finite=True
[t= 5.8000] mass_u=+2.2588e+01 u_max=3.4388 u_min=-0.7074 v_max=0.8027 energy=1.9856e+01 u_hk=8.038e-04 finite=True
[t= 6.0000] mass_u=+2.2588e+01 u_max=3.4066 u_min=-0.6523 v_max=0.7923 energy=1.9780e+01 u_hk=8.038e-04 finite=True
[saved] /Users/dietcoke/Documents/Project/00-simulation_software/paper/Negative_Knowledge/section4/stage1_v3/runs/BKdV-S6/round1/snapshots.npz  (25 snapshots)
[summary] u_max(t): t0=1.5000  tFinal=3.4066  max_over_run=3.4066  at t=6.000
[summary] u_min(t): t0=+0.0000  tFinal=-0.6523  min_over_run=-1.0749
[summary] v_max(t): t0=1.4977  max=1.4977  final=0.7923
[summary] u_high_k_E:  t0=8.038e-04  max=8.038e-04  final=8.038e-04
[summary] u_total_spec_E: t0=1.111e+00  final=1.259e+00
[summary] energy(u,v): t0=1.8160e+01  final=1.9780e+01
[summary] elapsed = 15.1s
[summary] integrated to T=6.0000 without IEEE blow-up
[done] E1 baseline complete.
