exit_code=1
duration_sec=1.6
--- stdout ---

--- stderr ---
Traceback (most recent call last):
  File "/Users/dietcoke/Documents/Project/00-simulation_software/paper/experiments/pilot_2026-05-10/runs/task_034/sonnet_4.6/v3/round1/candidate.py", line 20, in <module>
    hrv_freq = nk.hrv_frequency(rpeaks, sampling_rate=sampling_rate)
  File "/Users/dietcoke/Documents/Project/00-simulation_software/paper/experiments/pilot_2026-05-10/.venv_full/lib/python3.13/site-packages/neurokit2/hrv/hrv_frequency.py", line 203, in hrv_frequency
    power = signal_power(
        rri,
    ...<8 lines>...
        **kwargs
    )
  File "/Users/dietcoke/Documents/Project/00-simulation_software/paper/experiments/pilot_2026-05-10/.venv_full/lib/python3.13/site-packages/neurokit2/signal/signal_power.py", line 93, in signal_power
    out = _signal_power_instant(
        signal,
    ...<4 lines>...
        **kwargs,
    )
  File "/Users/dietcoke/Documents/Project/00-simulation_software/paper/experiments/pilot_2026-05-10/.venv_full/lib/python3.13/site-packages/neurokit2/signal/signal_power.py", line 145, in _signal_power_instant
    power = _signal_power_instant_compute(psd, band)
  File "/Users/dietcoke/Documents/Project/00-simulation_software/paper/experiments/pilot_2026-05-10/.venv_full/lib/python3.13/site-packages/neurokit2/signal/signal_power.py", line 156, in _signal_power_instant_compute
    power = np.trapz(y=psd["Power"][where], x=psd["Frequency"][where])
            ^^^^^^^^
  File "/Users/dietcoke/Documents/Project/00-simulation_software/paper/experiments/pilot_2026-05-10/.venv_full/lib/python3.13/site-packages/numpy/__init__.py", line 792, in __getattr__
    raise AttributeError(f"module {__name__!r} has no attribute {attr!r}")
AttributeError: module 'numpy' has no attribute 'trapz'. Did you mean: 'trace'?

