[grid]  Nx=256  L=30.0  dx=1.1719e-01
[time]  T=15.0  dt=1.0000e-04  nsteps=150000
[IC]    amp=1.0  v0=a sech^2(x+5)  u0=v0^2/2  -> m0=0
[init]  mass_u=+6.666667e-01 mass_v=+2.000000e+00 energy=7.809524e-01 m_norm=0.0000e+00 v_peak=0.9985@x=-5.039
[t= 0.5000] mass_v=+2.0000e+00 energy=1.1121e+00 m_norm=8.2130e-01 v_peak=0.6224@x=-2.461 sup=7.899e-01 finite=True
[t= 1.0000] mass_v=+2.0000e+00 energy=1.3376e+00 m_norm=1.0712e+00 v_peak=0.5028@x=-2.344 sup=9.359e-01 finite=True
[t= 1.5000] mass_v=+2.0000e+00 energy=1.4502e+00 m_norm=1.1939e+00 v_peak=0.4555@x=+0.117 sup=9.997e-01 finite=True
[t= 2.0000] mass_v=+2.0000e+00 energy=1.6401e+00 m_norm=1.3163e+00 v_peak=0.4216@x=-1.055 sup=9.783e-01 finite=True
[t= 2.5000] mass_v=+2.0000e+00 energy=1.4914e+00 m_norm=1.2625e+00 v_peak=0.4719@x=-1.641 sup=8.825e-01 finite=True
[t= 3.0000] mass_v=+2.0000e+00 energy=1.7540e+00 m_norm=1.4622e+00 v_peak=0.5162@x=+0.586 sup=1.474e+00 finite=True
[t= 3.5000] mass_v=+2.0000e+00 energy=1.5444e+00 m_norm=1.3005e+00 v_peak=0.4751@x=-0.938 sup=7.330e-01 finite=True
[t= 4.0000] mass_v=+2.0000e+00 energy=2.0554e+00 m_norm=1.6405e+00 v_peak=0.4954@x=+1.641 sup=1.440e+00 finite=True
[t= 4.5000] mass_v=+2.0000e+00 energy=1.5945e+00 m_norm=1.3791e+00 v_peak=0.4888@x=+2.695 sup=1.364e+00 finite=True
[t= 5.0000] mass_v=+2.0000e+00 energy=1.3940e+00 m_norm=1.2501e+00 v_peak=0.5341@x=+4.453 sup=7.486e-01 finite=True
[t= 5.5000] mass_v=+2.0000e+00 energy=2.1395e+00 m_norm=1.7377e+00 v_peak=0.5027@x=-2.930 sup=1.801e+00 finite=True
[t= 6.0000] mass_v=+2.0000e+00 energy=1.8541e+00 m_norm=1.5818e+00 v_peak=0.6392@x=+2.812 sup=1.171e+00 finite=True
[t= 6.5000] mass_v=+2.0000e+00 energy=1.8024e+00 m_norm=1.5463e+00 v_peak=0.4859@x=+4.688 sup=1.166e+00 finite=True
[t= 7.0000] mass_v=+2.0000e+00 energy=1.7979e+00 m_norm=1.5356e+00 v_peak=0.5150@x=-0.586 sup=1.586e+00 finite=True
[t= 7.5000] mass_v=+2.0000e+00 energy=1.4599e+00 m_norm=1.3188e+00 v_peak=0.4364@x=+5.273 sup=7.374e-01 finite=True
[t= 8.0000] mass_v=+2.0000e+00 energy=1.3792e+00 m_norm=1.2703e+00 v_peak=0.4933@x=+7.031 sup=6.267e-01 finite=True
[t= 8.5000] mass_v=+2.0000e+00 energy=1.7306e+00 m_norm=1.5181e+00 v_peak=0.4247@x=-3.281 sup=1.096e+00 finite=True
[t= 9.0000] mass_v=+2.0000e+00 energy=2.4702e+00 m_norm=1.9565e+00 v_peak=0.5392@x=+5.508 sup=1.988e+00 finite=True
[t= 9.5000] mass_v=+2.0000e+00 energy=2.0732e+00 m_norm=1.7298e+00 v_peak=0.4106@x=-1.055 sup=1.344e+00 finite=True
[t=10.0000] mass_v=+2.0000e+00 energy=2.1663e+00 m_norm=1.8240e+00 v_peak=0.4032@x=+5.391 sup=1.392e+00 finite=True
[t=10.5000] mass_v=+2.0000e+00 energy=1.9465e+00 m_norm=1.7133e+00 v_peak=0.5418@x=+6.445 sup=1.367e+00 finite=True
[t=11.0000] mass_v=+2.0000e+00 energy=1.6070e+00 m_norm=1.4950e+00 v_peak=0.4378@x=+9.023 sup=1.206e+00 finite=True
[t=11.5000] mass_v=+2.0000e+00 energy=1.3982e+00 m_norm=1.3058e+00 v_peak=0.4163@x=+8.906 sup=1.088e+00 finite=True
[t=12.0000] mass_v=+2.0000e+00 energy=1.5223e+00 m_norm=1.4545e+00 v_peak=0.4859@x=-3.867 sup=8.348e-01 finite=True
[t=12.5000] mass_v=+2.0000e+00 energy=1.4733e+00 m_norm=1.4096e+00 v_peak=0.5518@x=+1.523 sup=7.978e-01 finite=True
[t=13.0000] mass_v=+2.0000e+00 energy=1.6252e+00 m_norm=1.4941e+00 v_peak=0.5061@x=+7.266 sup=9.282e-01 finite=True
[t=13.5000] mass_v=+2.0000e+00 energy=1.6421e+00 m_norm=1.4980e+00 v_peak=0.4669@x=+9.023 sup=8.443e-01 finite=True
[t=14.0000] mass_v=+2.0000e+00 energy=2.4268e+00 m_norm=1.8974e+00 v_peak=0.4227@x=+4.453 sup=1.663e+00 finite=True
[t=14.5000] mass_v=+2.0000e+00 energy=2.9224e+00 m_norm=2.0132e+00 v_peak=0.6792@x=-9.609 sup=1.632e+00 finite=True
[t=15.0000] mass_v=+2.0000e+00 energy=6.0832e+00 m_norm=2.9193e+00 v_peak=0.9255@x=+7.734 sup=1.945e+00 finite=True
[saved] /Users/dietcoke/Documents/Project/00-simulation_software/paper/Negative_Knowledge/section4/stage1_v3/runs/BKdV-S5/round1/snapshots.npz  (16 snapshots)
[final] t=15.0000 v_peak=0.92546@x=+7.734 m_norm=2.9193e+00 mass_v=+2.00000e+00 energy=6.08321e+00 elapsed=13.1s
[summary] v_peak range = [0.4032, 0.9985]  drift = -7.31%
[summary] mass_v drift = -0.0000%
[summary] energy drift = +678.9478%
[summary] m_norm: t0=0.000e+00  tT=2.919e+00  max=2.919e+00
[summary] phase speed (peak fit) = 0.5933   (Gardner soliton c ~ 2 amp = 2.00, KdV-ish reference)
[done] E1 baseline complete.
EXIT_CODE=
