
--- IC: sech2_A1.5_m0  (nu_u=0.0) ---
  done in 61.9s, vmax_final=0.834, R_locking_final=-2.265, ||m||_global_final=8.149, ||m||_inside_final=3.245, n_peaks_final=11

--- IC: gauss_A1.5_m0  (nu_u=0.0) ---
  done in 72.5s, vmax_final=5.413, R_locking_final=-0.261, ||m||_global_final=29.990, ||m||_inside_final=17.029, n_peaks_final=34

--- IC: sech2_A1.5_u0zero  (nu_u=0.0) ---
  done in 80.3s, vmax_final=0.818, R_locking_final=-3.298, ||m||_global_final=6.852, ||m||_inside_final=3.157, n_peaks_final=11

--- IC: sech2_A0.4_m0  (nu_u=0.0) ---
  done in 76.2s, vmax_final=0.219, R_locking_final=-4.193, ||m||_global_final=0.457, ||m||_inside_final=0.222, n_peaks_final=8

--- IC: bimodal_m0  (nu_u=0.0) ---
  done in 78.7s, vmax_final=0.786, R_locking_final=-1.984, ||m||_global_final=5.785, ||m||_inside_final=3.137, n_peaks_final=9

--- IC: bore_plus_v  (nu_u=0.05) ---
  done in 84.4s, vmax_final=0.461, R_locking_final=3.452, ||m||_global_final=4.017, ||m||_inside_final=2.000, n_peaks_final=7

Summary written to: /Users/dietcoke/Documents/Project/00-simulation_software/paper/Negative_Knowledge/section4/stage2_v3/class_B/runs/B1/PosOnly/evidence/E1/E1_summary.txt

==========================================================================================
IC                           vmax   R_lock  R2_lock   m_glob     m_in  n_peaks
sech2_A1.5_m0               0.834   -2.265   -0.213    8.149    3.245       11
gauss_A1.5_m0               5.413   -0.261   -0.294   29.990   17.029       34
sech2_A1.5_u0zero           0.818   -3.298    0.011    6.852    3.157       11
sech2_A0.4_m0               0.219   -4.193   -1.418    0.457    0.222        8
bimodal_m0                  0.786   -1.984    0.026    5.785    3.137        9
bore_plus_v                 0.461    3.452   -0.015    4.017    2.000        7
