
--- sech2_A0.4_m0_Nx256 (Nx=256, nu_u=0.0) ---
  done in 34.6s, vmax_final=0.154, R_locking_final=-6.544, m_in_final=0.275

--- sech2_A0.6_m0_Nx256 (Nx=256, nu_u=0.0) ---
  done in 28.2s, vmax_final=0.249, R_locking_final=-5.124, m_in_final=0.446

--- sech2_A0.9_m0_Nx256 (Nx=256, nu_u=0.0) ---
  done in 32.4s, vmax_final=0.462, R_locking_final=-3.270, m_in_final=0.701

--- sech2_A1.2_m0_Nx256 (Nx=256, nu_u=0.0) ---
  done in 32.3s, vmax_final=0.703, R_locking_final=-2.665, m_in_final=1.182

--- sech2_A1.5_m0_Nx256 (Nx=256, nu_u=0.0) ---
  done in 35.2s, vmax_final=0.817, R_locking_final=-1.721, m_in_final=2.285

--- sech2_A2.0_m0_Nx256 (Nx=256, nu_u=0.0) ---
  done in 36.6s, vmax_final=1.353, R_locking_final=-1.886, m_in_final=3.496

=== Convergence: Nx=512 for A=1.5 sech^2 m0=0 ===

--- sech2_A1.5_m0_Nx512 (Nx=512, nu_u=0.0) ---
/Users/dietcoke/Documents/Project/00-simulation_software/paper/Negative_Knowledge/section4/stage2_v3/class_B/runs/B1/PosOnly/candidate.py:82: RuntimeWarning: overflow encountered in multiply
  prod = ad * bd
/Users/dietcoke/Documents/Project/00-simulation_software/paper/experiments/pilot_2026-05-10/.venv/lib/python3.14/site-packages/numpy/fft/_pocketfft.py:101: RuntimeWarning: invalid value encountered in fft
  return ufunc(a, fct, axes=[(axis,), (), (axis,)], out=out)
/Users/dietcoke/Documents/Project/00-simulation_software/paper/Negative_Knowledge/section4/stage2_v3/class_B/runs/B1/PosOnly/candidate.py:83: RuntimeWarning: invalid value encountered in multiply
  phat = np.fft.fft(prod) * self.dealias
   ! diverging at t=0.025
  done in 0.3s, vmax_final=nan, R_locking_final=nan, m_in_final=nan

Summary written to: /Users/dietcoke/Documents/Project/00-simulation_software/paper/Negative_Knowledge/section4/stage2_v3/class_B/runs/B1/PosOnly/evidence/E2/E2_summary.txt

=== Nx=256 vs Nx=512 at A=1.5 ===
    t  vmax_256  vmax_512    rel_d  mglob_256  mglob_512   R_256   R_512
 0.00    1.4977    1.4994 1.14e-03     0.0000     0.0000   1.000   1.000
 0.03    1.4554       nan      nan     0.3253        nan   0.971     nan
