
--- R1_sech2_A1.5_nu0 (nu_u=0.0) ---
  done in 11.2s vmax_f=0.725 R_f=-1.704 m_in_f=1.271

--- R2_sech2_A1.5_nu5e-2 (nu_u=0.05) ---
  done in 11.8s vmax_f=0.747 R_f=-1.330 m_in_f=1.065
  Gardner IC: vmax=1.496, mass=2.257

--- R3_gardnerShape_A1.5_nu0 (nu_u=0.0) ---
  done in 11.3s vmax_f=0.612 R_f=-1.560 m_in_f=1.771

=== Phase-speed analysis: R1 (locked phase t<=0.5) ===
    t   x_peak    c_emp  v_peak   c_kdv  c_gardner
0.000   -5.039   23.438   1.498   8.986     12.351
0.010   -4.805   20.313   1.487   8.924     12.242
0.025   -4.570   13.281   1.455   8.732     11.909
0.050   -4.336    9.375   1.402   8.413     11.362
0.075   -4.102    9.375   1.355   8.127     10.879
0.100   -3.867    9.375   1.312   7.869     10.449
0.125   -3.633    7.031   1.268   7.608     10.020
0.150   -3.516    5.469   1.228   7.365      9.626
0.200   -3.164    5.859   1.151   6.909      8.898
0.250   -2.930    4.688   1.089   6.537      8.317
0.300   -2.695    4.688   1.032   6.194      7.793
0.400   -2.227    3.516   0.941   5.648      6.978
0.500   -1.992    2.344   0.893   5.359      6.555

Summary written to: /Users/dietcoke/Documents/Project/00-simulation_software/paper/Negative_Knowledge/section4/stage2_v3/class_B/runs/B1/PosOnly/evidence/E3/E3_summary.txt

=== Quick R1 vs R2 vs R3 comparison at key times ===
     t |    R1_R  R1_min |    R2_R  R2_min |    R3_R  R3_min
  0.00 |   1.000   0.000 |   1.000   0.000 |   1.000   0.000
  0.10 |   0.879   0.610 |   0.880   0.596 |   0.773   0.758
  0.25 |   0.783   0.753 |   0.792   0.733 |   0.557   0.832
  0.50 |   0.460   0.896 |   0.487   0.871 |   0.131   0.852
  0.75 |  -0.064   0.991 |  -0.020   0.961 |  -0.400   0.893
  1.00 |  -0.621   1.093 |  -0.535   1.043 |  -1.219   1.041
  1.50 |  -0.433   2.101 |  -1.039   1.045 |  -1.841   1.073
  2.00 |  -1.704   1.271 |  -1.330   1.065 |  -1.560   1.771
