exit_code=0
duration_sec=0.6
--- stdout ---
Saved shape: (7, 2, 256)
v final max: 3.9973
u final max: 0.0000
All finite: True
Soliton peaks >= 0.8: 1 at x=[-5.0390625]

--- stderr ---
${PROJECT_ROOT}/stage2/runs/T_B/NoKB/round3/candidate.py:62: RuntimeWarning: overflow encountered in square
  v2 = v_p ** 2
${VENV}/lib/python3.14/site-packages/numpy/fft/_pocketfft.py:101: RuntimeWarning: invalid value encountered in fft
  return ufunc(a, fct, axes=[(axis,), (), (axis,)], out=out)
${PROJECT_ROOT}/stage2/runs/T_B/NoKB/round3/candidate.py:55: RuntimeWarning: invalid value encountered in multiply
  f_hat = np.fft.fft(f_phys) * dealias
${PROJECT_ROOT}/stage2/runs/T_B/NoKB/round3/candidate.py:56: RuntimeWarning: invalid value encountered in multiply
  return np.real(np.fft.ifft((1j * k) ** power * f_hat))
${PROJECT_ROOT}/stage2/runs/T_B/NoKB/round3/candidate.py:65: RuntimeWarning: overflow encountered in multiply
  return -3.0 * u_p * u_x - forcing
${PROJECT_ROOT}/stage2/runs/T_B/NoKB/round3/candidate.py:73: RuntimeWarning: overflow encountered in multiply
  uv = u_p * v_p
${PROJECT_ROOT}/stage2/runs/T_B/NoKB/round3/candidate.py:75: RuntimeWarning: overflow encountered in multiply
  return -6.0 * v_p * v_x - uv_x

