== BKdV-S4 / E1 baseline ==
   NX=256, dt=0.0005, ν_h=1.0e-22, T=10.0
   IC: v0 = 1.5 sech^2(x+5), u0 = v0^2/2
   ||m0||_L2 = 0.000e+00  (should be ~0)
   v-mass    = 3.0000
   u-mass    = 1.5000

Integration: nsteps=20000, wall=3.3s, blew_up=False
saved /Users/dietcoke/Documents/Project/00-simulation_software/paper/Negative_Knowledge/section4/stage1_v3/runs/BKdV-S4/round1/E1_baseline.npz

E1 summary:
{
  "tag": "E1_baseline",
  "params": {
    "dt": 0.0005,
    "Nx": 256,
    "hyper": 1e-22,
    "T_final": 10.0
  },
  "blew_up": false,
  "wall_seconds": 3.331792116165161,
  "t_end": 10.00000000000073,
  "m_l2": {
    "t0": 0.0,
    "t_end": 2.4556987212087398
  },
  "m_inf": {
    "t0": 0.0,
    "t_end": 3.667195041062041
  },
  "lock": {
    "t0": 1.0,
    "t_end": 0.19972848040193072
  },
  "L2_u": {
    "t0": 1.0757057484009542,
    "t_end": 2.4888646337102673
  },
  "L2_v": {
    "t0": 1.7320508075688772,
    "t_end": 0.8291634077271617
  },
  "mass_u": {
    "t0": 1.5,
    "t_end": 1.5
  },
  "mass_v": {
    "t0": 2.9999999945128835,
    "t_end": 2.9999999945128835
  },
  "energy": {
    "t0": 3.278571428571429,
    "t_end": 3.546971654287454
  },
  "el_u_tend": 0.04585400287279552,
  "eh_u_tend": 0.16062756929166264,
  "el_v_tend": 0.022820853664807638,
  "eh_v_tend": 9.62115589830121e-05,
  "u_peak_tend": 3.67045177245601,
  "v_peak_tend": 0.5454010900543782
}
saved /Users/dietcoke/Documents/Project/00-simulation_software/paper/Negative_Knowledge/section4/stage1_v3/runs/BKdV-S4/round1/E1_summary.json
EXIT=0
