exit_code=1
duration_sec=2.2
--- stdout ---

--- stderr ---
Traceback (most recent call last):
  File "/Users/dietcoke/Documents/Project/00-simulation_software/paper/experiments/pilot_2026-05-10/.venv_full/lib/python3.13/site-packages/pandas/core/indexes/base.py", line 3812, in get_loc
    return self._engine.get_loc(casted_key)
           ~~~~~~~~~~~~~~~~~~~~^^^^^^^^^^^^
  File "pandas/_libs/index.pyx", line 167, in pandas._libs.index.IndexEngine.get_loc
  File "pandas/_libs/index.pyx", line 196, in pandas._libs.index.IndexEngine.get_loc
  File "pandas/_libs/hashtable_class_helper.pxi", line 7088, in pandas._libs.hashtable.PyObjectHashTable.get_item
  File "pandas/_libs/hashtable_class_helper.pxi", line 7096, in pandas._libs.hashtable.PyObjectHashTable.get_item
KeyError: 'EDA_SCR_Peaks'

The above exception was the direct cause of the following exception:

Traceback (most recent call last):
  File "/Users/dietcoke/Documents/Project/00-simulation_software/paper/experiments/pilot_2026-05-10/runs/task_029/sonnet_4.6/v3/round1/candidate.py", line 60, in <module>
    scr_peaks_epoch = eda_signals["EDA_SCR_Peaks"].iloc[start:end]
                      ~~~~~~~~~~~^^^^^^^^^^^^^^^^^
  File "/Users/dietcoke/Documents/Project/00-simulation_software/paper/experiments/pilot_2026-05-10/.venv_full/lib/python3.13/site-packages/pandas/core/frame.py", line 4113, in __getitem__
    indexer = self.columns.get_loc(key)
  File "/Users/dietcoke/Documents/Project/00-simulation_software/paper/experiments/pilot_2026-05-10/.venv_full/lib/python3.13/site-packages/pandas/core/indexes/base.py", line 3819, in get_loc
    raise KeyError(key) from err
KeyError: 'EDA_SCR_Peaks'

