[init] dx=1.1719e-01 dt=2.5000e-04 nsteps=80000
[init] C1=0.000000e+00 C2=3.000000e+00 C3=0.000000e+00 C4=2.700000e+00 C5=1.157143e+00
[t= 1.0000] C1=+6.6353e-16 C2=+3.0000e+00 C3=+1.6488e+00 C4=+3.4372e+00 C5=+2.4169e+00 sup=1.4309e+00
[t= 2.0000] C1=+3.7470e-15 C2=+3.0000e+00 C3=+1.7048e+00 C4=+3.6970e+00 C5=+3.8972e+00 sup=2.4674e+00
[t= 3.0000] C1=+2.4980e-15 C2=+3.0000e+00 C3=+1.3170e+00 C4=+3.7326e+00 C5=+4.9680e+00 sup=3.2083e+00
[t= 4.0000] C1=+3.3307e-15 C2=+3.0000e+00 C3=+9.9643e-01 C4=+3.6962e+00 C5=+5.3858e+00 sup=3.1498e+00
[t= 5.0000] C1=+2.9143e-15 C2=+3.0000e+00 C3=+9.6150e-01 C4=+3.8916e+00 C5=+5.9289e+00 sup=3.1322e+00
[t= 6.0000] C1=+0.0000e+00 C2=+3.0000e+00 C3=+9.4978e-01 C4=+3.9213e+00 C5=+6.1314e+00 sup=2.9199e+00
[t= 7.0000] C1=-1.6653e-15 C2=+3.0000e+00 C3=+9.4007e-01 C4=+3.9439e+00 C5=+6.2751e+00 sup=3.2317e+00
[t= 8.0000] C1=+7.8063e-17 C2=+3.0000e+00 C3=+4.5487e-01 C4=+3.7729e+00 C5=+5.8684e+00 sup=3.2925e+00
[t= 9.0000] C1=+1.4572e-15 C2=+3.0000e+00 C3=+5.3216e-01 C4=+3.8856e+00 C5=+5.9267e+00 sup=3.4404e+00
[t=10.0000] C1=+5.6205e-15 C2=+3.0000e+00 C3=+6.5008e-01 C4=+3.8936e+00 C5=+6.2038e+00 sup=3.5263e+00
[t=11.0000] C1=+4.5797e-15 C2=+3.0000e+00 C3=+7.7747e-01 C4=+4.1099e+00 C5=+6.6930e+00 sup=3.2361e+00
[t=12.0000] C1=+2.7062e-15 C2=+3.0000e+00 C3=+8.1275e-01 C4=+4.3656e+00 C5=+7.0225e+00 sup=3.2352e+00
[t=13.0000] C1=+4.9960e-15 C2=+3.0000e+00 C3=+7.1955e-01 C4=+4.4177e+00 C5=+7.3104e+00 sup=3.4817e+00
[t=14.0000] C1=-1.2490e-15 C2=+3.0000e+00 C3=+1.0379e+00 C4=+4.7098e+00 C5=+7.6050e+00 sup=3.3254e+00
[t=15.0000] C1=+3.3307e-15 C2=+3.0000e+00 C3=+1.1069e+00 C4=+4.7927e+00 C5=+7.6539e+00 sup=3.2290e+00
[t=16.0000] C1=+3.7470e-15 C2=+3.0000e+00 C3=+6.1642e-01 C4=+4.6885e+00 C5=+7.8249e+00 sup=3.4162e+00
[t=17.0000] C1=+4.1633e-15 C2=+3.0000e+00 C3=+6.5910e-01 C4=+5.0695e+00 C5=+8.6280e+00 sup=3.5983e+00
[t=18.0000] C1=+3.3307e-15 C2=+3.0000e+00 C3=+4.0910e-01 C4=+5.2279e+00 C5=+8.7643e+00 sup=3.1316e+00
[t=19.0000] C1=+6.0368e-15 C2=+3.0000e+00 C3=+3.6211e-01 C4=+5.3787e+00 C5=+9.0255e+00 sup=3.5370e+00
[t=20.0000] C1=+6.1409e-15 C2=+3.0000e+00 C3=+5.3857e-01 C4=+5.9032e+00 C5=+9.5371e+00 sup=3.4742e+00
[final] t_final=20.0000 elapsed=15.32s finite=True
[summary] tracking 5 candidate quantities over t in [0, 20.00]
[drift] C1=int u dx        init=+0.000000e+00 final=+6.140921e-15 abs_drift=+6.141e-15 rel_drift=+6.141e-03 max_excursion=8.639e-15
[drift] C2=int v dx        init=+3.000000e+00 final=+3.000000e+00 abs_drift=+5.329e-15 rel_drift=+1.776e-15 max_excursion=5.329e-15
[drift] C3=int uv dx       init=+0.000000e+00 final=+5.385703e-01 abs_drift=+5.386e-01 rel_drift=+5.386e+11 max_excursion=1.810e+00
[drift] C4=energy          init=+2.700000e+00 final=+5.903155e+00 abs_drift=+3.203e+00 rel_drift=+1.186e+00 max_excursion=3.203e+00
[drift] C5=int m^2 dx      init=+1.157143e+00 final=+9.537084e+00 abs_drift=+8.380e+00 rel_drift=+7.242e+00 max_excursion=8.380e+00
[save] history -> /Users/dietcoke/Documents/Project/00-simulation_software/paper/Negative_Knowledge/section4/stage1_v3/runs/BKdV-S2/round1/history.npz
[summary] blowup_t=None reached_T=True
