[grid]  Nx=256  L=30.0  dx=1.1719e-01
[time]  T=15  dt=1e-4
[IC]    amp=1.0  delta_v = 0.05*sin(5*2pi*x/L), mode=5
[IC]    ||delta_v0||_L2 = 1.9365e-01
[init]  mass_v=+2.000000e+00 energy=8.568257e-01 m_norm=4.7120e-02 v_peak=1.0407
[E1 ref] loaded 16 snapshots from /Users/dietcoke/Documents/Project/00-simulation_software/paper/Negative_Knowledge/section4/stage1_v3/runs/BKdV-S5/round1/snapshots.npz
[t= 0.5000] energy=1.309e+00 m_norm=9.382e-01 v_peak=0.645 sup=9.817e-01 ||dv||=1.3002e+00 ||du||=1.0786e+00
[t= 1.0000] energy=1.652e+00 m_norm=1.275e+00 v_peak=0.517 sup=1.266e+00 ||dv||=2.0594e-01 ||du||=3.8286e-01
[t= 1.5000] energy=1.826e+00 m_norm=1.441e+00 v_peak=0.470 sup=1.329e+00 ||dv||=1.4973e+00 ||du||=2.0111e+00
[t= 2.0000] energy=2.044e+00 m_norm=1.551e+00 v_peak=0.449 sup=1.059e+00 ||dv||=2.0885e-01 ||du||=5.6495e-01
[t= 2.5000] energy=1.834e+00 m_norm=1.473e+00 v_peak=0.485 sup=9.697e-01 ||dv||=1.5170e+00 ||du||=2.0485e+00
[t= 3.0000] energy=2.014e+00 m_norm=1.599e+00 v_peak=0.537 sup=1.579e+00 ||dv||=2.1094e-01 ||du||=5.0073e-01
[t= 3.5000] energy=1.695e+00 m_norm=1.388e+00 v_peak=0.471 sup=7.803e-01 ||dv||=1.5152e+00 ||du||=1.5873e+00
[t= 4.0000] energy=2.211e+00 m_norm=1.705e+00 v_peak=0.513 sup=1.477e+00 ||dv||=2.1408e-01 ||du||=4.9589e-01
[t= 4.5000] energy=1.822e+00 m_norm=1.503e+00 v_peak=0.497 sup=1.587e+00 ||dv||=1.4503e+00 ||du||=2.0964e+00
[t= 5.0000] energy=1.577e+00 m_norm=1.368e+00 v_peak=0.557 sup=8.353e-01 ||dv||=2.1467e-01 ||du||=5.0488e-01
[t= 5.5000] energy=2.311e+00 m_norm=1.811e+00 v_peak=0.569 sup=1.919e+00 ||dv||=1.4530e+00 ||du||=1.7016e+00
[t= 6.0000] energy=2.116e+00 m_norm=1.721e+00 v_peak=0.614 sup=1.287e+00 ||dv||=2.1434e-01 ||du||=7.6038e-01
[t= 6.5000] energy=1.966e+00 m_norm=1.629e+00 v_peak=0.473 sup=1.178e+00 ||dv||=1.3859e+00 ||du||=1.8083e+00
[t= 7.0000] energy=2.100e+00 m_norm=1.711e+00 v_peak=0.566 sup=1.666e+00 ||dv||=1.9693e-01 ||du||=7.0815e-01
[t= 7.5000] energy=1.523e+00 m_norm=1.354e+00 v_peak=0.454 sup=7.676e-01 ||dv||=1.3704e+00 ||du||=1.7815e+00
[t= 8.0000] energy=1.436e+00 m_norm=1.287e+00 v_peak=0.491 sup=6.718e-01 ||dv||=1.9349e-01 ||du||=4.8418e-01
[t= 8.5000] energy=1.742e+00 m_norm=1.519e+00 v_peak=0.442 sup=1.013e+00 ||dv||=1.3994e+00 ||du||=1.4492e+00
[t= 9.0000] energy=2.557e+00 m_norm=1.982e+00 v_peak=0.535 sup=1.979e+00 ||dv||=1.8343e-01 ||du||=6.6703e-01
[t= 9.5000] energy=2.351e+00 m_norm=1.880e+00 v_peak=0.401 sup=1.597e+00 ||dv||=1.2856e+00 ||du||=2.1040e+00
[t=10.0000] energy=2.419e+00 m_norm=1.947e+00 v_peak=0.430 sup=1.440e+00 ||dv||=1.9847e-01 ||du||=8.3433e-01
[t=10.5000] energy=2.271e+00 m_norm=1.878e+00 v_peak=0.547 sup=1.378e+00 ||dv||=1.2375e+00 ||du||=2.2586e+00
[t=11.0000] energy=2.021e+00 m_norm=1.742e+00 v_peak=0.439 sup=1.522e+00 ||dv||=2.0154e-01 ||du||=8.7184e-01
[t=11.5000] energy=1.722e+00 m_norm=1.519e+00 v_peak=0.430 sup=1.175e+00 ||dv||=1.2852e+00 ||du||=1.7538e+00
[t=12.0000] energy=1.694e+00 m_norm=1.562e+00 v_peak=0.529 sup=9.815e-01 ||dv||=2.1397e-01 ||du||=6.9798e-01
[t=12.5000] energy=1.710e+00 m_norm=1.552e+00 v_peak=0.557 sup=8.530e-01 ||dv||=1.2707e+00 ||du||=1.6027e+00
[t=13.0000] energy=1.858e+00 m_norm=1.620e+00 v_peak=0.540 sup=1.014e+00 ||dv||=2.2383e-01 ||du||=7.8275e-01
[t=13.5000] energy=1.963e+00 m_norm=1.659e+00 v_peak=0.536 sup=1.005e+00 ||dv||=1.3201e+00 ||du||=1.5677e+00
[t=14.0000] energy=2.704e+00 m_norm=1.972e+00 v_peak=0.524 sup=1.658e+00 ||dv||=3.5791e-01 ||du||=9.3192e-01
[t=14.5000] energy=4.416e+00 m_norm=2.398e+00 v_peak=0.881 sup=1.604e+00 ||dv||=1.8118e+00 ||du||=2.5738e+00
[t=15.0000] energy=1.139e+01 m_norm=3.998e+00 v_peak=1.272 sup=1.588e+00 ||dv||=1.1526e+00 ||du||=1.4592e+00
[saved] /Users/dietcoke/Documents/Project/00-simulation_software/paper/Negative_Knowledge/section4/stage1_v3/runs/BKdV-S5/round2/snapshots.npz

[deviation series]
  t= 0.000  ||delta_v||_L2=1.9365e-01  ||delta_u||_L2=0.0000e+00
  t= 1.000  ||delta_v||_L2=2.0594e-01  ||delta_u||_L2=3.8286e-01
  t= 2.000  ||delta_v||_L2=2.0885e-01  ||delta_u||_L2=5.6495e-01
  t= 3.000  ||delta_v||_L2=2.1094e-01  ||delta_u||_L2=5.0073e-01
  t= 4.000  ||delta_v||_L2=2.1408e-01  ||delta_u||_L2=4.9589e-01
  t= 5.000  ||delta_v||_L2=2.1467e-01  ||delta_u||_L2=5.0488e-01
  t= 6.000  ||delta_v||_L2=2.1434e-01  ||delta_u||_L2=7.6038e-01
  t= 7.000  ||delta_v||_L2=1.9693e-01  ||delta_u||_L2=7.0815e-01
  t= 8.000  ||delta_v||_L2=1.9349e-01  ||delta_u||_L2=4.8418e-01
  t= 9.000  ||delta_v||_L2=1.8343e-01  ||delta_u||_L2=6.6703e-01
  t=10.000  ||delta_v||_L2=1.9847e-01  ||delta_u||_L2=8.3433e-01
  t=11.000  ||delta_v||_L2=2.0154e-01  ||delta_u||_L2=8.7184e-01
  t=12.000  ||delta_v||_L2=2.1397e-01  ||delta_u||_L2=6.9798e-01
  t=13.000  ||delta_v||_L2=2.2383e-01  ||delta_u||_L2=7.8275e-01
  t=14.000  ||delta_v||_L2=3.5791e-01  ||delta_u||_L2=9.3192e-01
  t=15.000  ||delta_v||_L2=1.1526e+00  ||delta_u||_L2=1.4592e+00
[summary] effective exponential growth rate of ||dv||_L2: +0.0493 (1/time-unit)
[summary] init ||dv||=1.936e-01 -> final ||dv||=1.153e+00
[summary] init ||du||=0.000e+00 -> final ||du||=1.459e+00
[summary] elapsed=12.5s
[done] E2 structured-perturbation complete.
EXIT_CODE=
