[init] dx=1.1719e-01 dt=2.5000e-04 nsteps=40000 T=10.0
[init] mean_u=1.5000e-01 mean_v=1.0000e-01
[init] C1=4.500000e+00 C2=3.000000e+00 C3=4.500000e-01 C4=5.599371e+00 C5=2.391281e+00
[t= 0.5000] C1=+4.5000e+00 C2=+3.0000e+00 C3=+3.5069e-01 C4=+5.9515e+00 C5=+1.9595e+00 sup=8.9125e-01
[t= 1.0000] C1=+4.5000e+00 C2=+3.0000e+00 C3=+6.4382e-01 C4=+9.0256e+00 C5=+3.2788e+00 sup=1.5421e+00
[t= 1.5000] C1=+4.5000e+00 C2=+3.0000e+00 C3=+4.5547e-01 C4=+1.1255e+01 C5=+6.4780e+00 sup=1.6709e+00
[t= 2.0000] C1=+4.5000e+00 C2=+3.0000e+00 C3=+4.7256e-01 C4=+1.2472e+01 C5=+9.9375e+00 sup=1.9061e+00
[t= 2.5000] C1=+4.5000e+00 C2=+3.0000e+00 C3=+6.3315e-01 C4=+1.3353e+01 C5=+1.3231e+01 sup=2.0983e+00
[t= 3.0000] C1=+4.5000e+00 C2=+3.0000e+00 C3=+7.6492e-01 C4=+1.4263e+01 C5=+1.6567e+01 sup=2.2257e+00
[t= 3.5000] C1=+4.5000e+00 C2=+3.0000e+00 C3=+5.8012e-01 C4=+1.5196e+01 C5=+1.9049e+01 sup=2.2639e+00
[t= 4.0000] C1=+4.5000e+00 C2=+3.0000e+00 C3=+1.3338e+00 C4=+1.5998e+01 C5=+2.2447e+01 sup=2.7364e+00
[t= 4.5000] C1=+4.5000e+00 C2=+3.0000e+00 C3=+1.2577e+00 C4=+1.7588e+01 C5=+2.4116e+01 sup=2.2969e+00
[t= 5.0000] C1=+4.5000e+00 C2=+3.0000e+00 C3=+3.0141e-01 C4=+1.8904e+01 C5=+2.4898e+01 sup=2.2902e+00
[t= 5.5000] C1=+4.5000e+00 C2=+3.0000e+00 C3=-4.2623e-01 C4=+2.1083e+01 C5=+2.5552e+01 sup=2.4312e+00
[t= 6.0000] C1=+4.5000e+00 C2=+3.0000e+00 C3=+2.6607e-01 C4=+2.2815e+01 C5=+2.7521e+01 sup=2.6766e+00
[t= 6.5000] C1=+4.5000e+00 C2=+3.0000e+00 C3=+2.3472e+00 C4=+2.6950e+01 C5=+3.0865e+01 sup=2.7390e+00
[t= 7.0000] C1=+4.5000e+00 C2=+3.0000e+00 C3=+2.9199e+00 C4=+2.8656e+01 C5=+3.1824e+01 sup=3.4442e+00
[t= 7.5000] C1=+4.5000e+00 C2=+3.0000e+00 C3=+2.0638e+00 C4=+3.1638e+01 C5=+3.2905e+01 sup=3.3072e+00
[t= 8.0000] C1=+4.5000e+00 C2=+3.0000e+00 C3=+2.7933e+00 C4=+3.4675e+01 C5=+3.4651e+01 sup=3.5341e+00
[t= 8.5000] C1=+4.5000e+00 C2=+3.0000e+00 C3=+5.2007e+00 C4=+4.1535e+01 C5=+4.2630e+01 sup=4.0211e+00
[t= 9.0000] C1=+4.5000e+00 C2=+3.0000e+00 C3=+2.6710e+00 C4=+5.7461e+01 C5=+6.1314e+01 sup=4.8262e+00
[t= 9.5000] C1=+4.5000e+00 C2=+3.0000e+00 C3=+7.7274e+00 C4=+6.6110e+01 C5=+5.9394e+01 sup=5.1896e+00
[t=10.0000] C1=+4.5000e+00 C2=+3.0000e+00 C3=+1.5294e+01 C4=+9.3544e+01 C5=+8.4844e+01 sup=6.5324e+00
[final] t_final=10.0000 elapsed=6.96s finite=True
[drift] C1=int u dx        init=+4.500000e+00 final=+4.500000e+00 abs_drift=+1.599e-14 rel_drift=+3.553e-15 max_excursion=2.665e-14
[drift] C2=int v dx        init=+3.000000e+00 final=+3.000000e+00 abs_drift=+3.553e-15 rel_drift=+1.184e-15 max_excursion=1.421e-14
[drift] C3=int uv dx       init=+4.500000e-01 final=+1.529431e+01 abs_drift=+1.484e+01 rel_drift=+3.299e+01 max_excursion=1.484e+01
[drift] C4=energy          init=+5.599371e+00 final=+9.354375e+01 abs_drift=+8.794e+01 rel_drift=+1.571e+01 max_excursion=8.794e+01
[drift] C5=int m^2 dx      init=+2.391281e+00 final=+8.484445e+01 abs_drift=+8.245e+01 rel_drift=+3.448e+01 max_excursion=8.245e+01
[save] history -> /Users/dietcoke/Documents/Project/00-simulation_software/paper/Negative_Knowledge/section4/stage1_v3/runs/BKdV-S2/round2/history.npz
[summary] blowup_t=None reached_T=True
