exit_code=0
duration_sec=0.3
--- stdout ---
Saved shape: (1, 2, 256)
v final: max=23592456589471352177287013807519244374356937723559527017096964797425507765632092321106225468511331947005299439149169661944965888568199937884480007312173484027596238918126487758260015040701984137791370462198201965723381455722964977535643784749153259452888703303680.0000, min=-31271685712737117534131857619292553807995565460320239640251519041442781133933873360855471241137629412288882883854114968320461452064457458477662405201772758565673546282094179027632004666946248699977630036363561656485954451711440105922461266674618111975355989360640.0000
u final: max=474374021926682614857557455819108480055473826808275221032427051083875921581982358142165543343449448382133086327365715306039679081578699409998276328833977947239351574163730192926588701541471721979658754961824678073026568346546507121238985769805206313006303593420684263424.0000, min=-474409626176044520982830310225925669683528755075152932208563899466948929590783602479776920359098064213912366389192085489261977601003938653467625007146802216538104900471160140028048648597792307339751206909434524553298583751572147958321669101669712303118446612067043508224.0000
v mass: -332867280489362325362066201392805189233466335450010135366981189963260738911856193010349895467507990193887061136824187363058768978573638704811738734132355035901070266369339606758476868032717756114469933605503459170926002142030824947654900758609920.0000 (initial ~4.0000)

--- stderr ---
${PROJECT_ROOT}/stage2/runs/T_A/PosNeg/round1/candidate.py:97: RuntimeWarning: overflow encountered in multiply
  u_ux = u * ux
${PROJECT_ROOT}/stage2/runs/T_A/PosNeg/round1/candidate.py:99: RuntimeWarning: overflow encountered in square
  dealias_arr(np.fft.fft(3.0 * v**2)) * (1j * k)
${VENV}/lib/python3.14/site-packages/numpy/fft/_pocketfft.py:101: RuntimeWarning: invalid value encountered in fft
  return ufunc(a, fct, axes=[(axis,), (), (axis,)], out=out)
${PROJECT_ROOT}/stage2/runs/T_A/PosNeg/round1/candidate.py:73: RuntimeWarning: invalid value encountered in multiply
  return arr_hat * dealias
${PROJECT_ROOT}/stage2/runs/T_A/PosNeg/round1/candidate.py:99: RuntimeWarning: invalid value encountered in multiply
  dealias_arr(np.fft.fft(3.0 * v**2)) * (1j * k)
${PROJECT_ROOT}/stage2/runs/T_A/PosNeg/round1/candidate.py:105: RuntimeWarning: overflow encountered in multiply
  v_vx = v * vx
${PROJECT_ROOT}/stage2/runs/T_A/PosNeg/round1/candidate.py:107: RuntimeWarning: overflow encountered in multiply
  dealias_arr(np.fft.fft(u * v)) * (1j * k)

