exit_code=0
duration_sec=10.5
--- stdout ---
Saved shape: (7, 2, 256)
v final: min=nan, max=nan
all finite: False

--- stderr ---
n_software/paper/experiments/pde_pilot_2026-05-11/stage2/runs/T_B/PosOnly/round2/candidate.py:129: RuntimeWarning: overflow encountered in exp
  k2w = np.exp(-1j * ik3 * t2) * k2v
${PROJECT_ROOT}/stage2/runs/T_B/PosOnly/round2/candidate.py:136: RuntimeWarning: overflow encountered in exp
  k3w = np.exp(-1j * ik3 * t2) * k3v
${PROJECT_ROOT}/stage2/runs/T_B/PosOnly/round2/candidate.py:145: RuntimeWarning: overflow encountered in exp
  k4w = np.exp(-1j * ik3 * t4) * k4v
${PROJECT_ROOT}/stage2/runs/T_B/PosOnly/round2/candidate.py:120: RuntimeWarning: overflow encountered in exp
  k1w = np.exp(-1j * ik3 * t) * k1v
${PROJECT_ROOT}/stage2/runs/T_B/PosOnly/round2/candidate.py:124: RuntimeWarning: overflow encountered in exp
  ef2 = np.exp(1j * ik3 * t2)
${PROJECT_ROOT}/stage2/runs/T_B/PosOnly/round2/candidate.py:140: RuntimeWarning: overflow encountered in exp
  ef4 = np.exp(1j * ik3 * t4)
${PROJECT_ROOT}/stage2/runs/T_B/PosOnly/round2/candidate.py:114: RuntimeWarning: overflow encountered in exp
  ef = np.exp(1j * ik3 * t)
${PROJECT_ROOT}/stage2/runs/T_B/PosOnly/round2/candidate.py:110: RuntimeWarning: overflow encountered in exp
  v_r = np.fft.ifft(np.exp(1j * ik3 * t) * w_hat).real
${PROJECT_ROOT}/stage2/runs/T_B/PosOnly/round2/candidate.py:154: RuntimeWarning: overflow encountered in exp
  v_r = np.fft.ifft(np.exp(1j * ik3 * t) * w_hat).real

