
=== sech2_A0.10 (vmax0=0.10, L2_v0=0.141, dt=0.00025) ===
  done in 7.5s  blew_up=False
  late: vmax=0.060, npk=2, fracL=0.998, lock=-0.189, retention=0.597 -> strict=False relaxed=True

=== sech2_A0.20 (vmax0=0.20, L2_v0=0.283, dt=0.00025) ===
  done in 7.8s  blew_up=False
  late: vmax=0.125, npk=2, fracL=0.999, lock=0.205, retention=0.627 -> strict=False relaxed=True

=== sech2_A0.30 (vmax0=0.30, L2_v0=0.424, dt=0.00025) ===
  done in 7.6s  blew_up=False
  late: vmax=0.166, npk=1, fracL=0.999, lock=0.624, retention=0.553 -> strict=False relaxed=True

=== sech2_A0.40 (vmax0=0.40, L2_v0=0.566, dt=0.00025) ===
  done in 7.2s  blew_up=False
  late: vmax=0.241, npk=1, fracL=0.999, lock=0.795, retention=0.603 -> strict=False relaxed=True

=== sech2_A0.50 (vmax0=0.50, L2_v0=0.707, dt=0.00025) ===
  done in 7.0s  blew_up=False
  late: vmax=0.298, npk=1, fracL=0.999, lock=0.709, retention=0.596 -> strict=False relaxed=True

=== sech2_A0.60 (vmax0=0.60, L2_v0=0.849, dt=0.00025) ===
  done in 7.3s  blew_up=False
  late: vmax=0.304, npk=1, fracL=0.999, lock=0.580, retention=0.507 -> strict=False relaxed=True

=== sech2_A0.80 (vmax0=0.80, L2_v0=1.131, dt=0.00025) ===
  done in 7.6s  blew_up=False
  late: vmax=0.422, npk=1, fracL=0.999, lock=0.467, retention=0.528 -> strict=False relaxed=True

=== sech2_A1.00 (vmax0=1.00, L2_v0=1.414, dt=0.0001) ===
  done in 18.4s  blew_up=False
  late: vmax=0.604, npk=1, fracL=0.993, lock=0.435, retention=0.604 -> strict=True relaxed=True

=== sech2_A1.20 (vmax0=1.20, L2_v0=1.697, dt=0.0001) ===
  done in 18.3s  blew_up=False
  late: vmax=0.682, npk=1, fracL=0.996, lock=0.191, retention=0.568 -> strict=True relaxed=True

Saved evidence/E2_summary.json
{
  "sech2_A0.10": {
    "A": 0.1,
    "vmax_late": 0.05973779081240297,
    "npeaks_v_late": 2,
    "fracL_v_late": 0.9983651145139029,
    "lock_late": -0.1887063042833091,
    "retention": 0.5973779081240297,
    "coherent_strict": false,
    "coherent_relaxed": true,
    "blew_up": false
  },
  "sech2_A0.20": {
    "A": 0.2,
    "vmax_late": 0.12549827020385507,
    "npeaks_v_late": 2,
    "fracL_v_late": 0.9988543690293247,
    "lock_late": 0.20458421019972745,
    "retention": 0.6274913510192753,
    "coherent_strict": false,
    "coherent_relaxed": true,
    "blew_up": false
  },
  "sech2_A0.30": {
    "A": 0.3,
    "vmax_late": 0.16602266927355827,
    "npeaks_v_late": 1,
    "fracL_v_late": 0.9990625178712315,
    "lock_late": 0.624138282628044,
    "retention": 0.5534088975785276,
    "coherent_strict": false,
    "coherent_relaxed": true,
    "blew_up": false
  },
  "sech2_A0.40": {
    "A": 0.4,
    "vmax_late": 0.24103834677533,
    "npeaks_v_late": 1,
    "fracL_v_late": 0.9991164306996466,
    "lock_late": 0.7949032929174934,
    "retention": 0.602595866938325,
    "coherent_strict": false,
    "coherent_relaxed": true,
    "blew_up": false
  },
  "sech2_A0.50": {
    "A": 0.5,
    "vmax_late": 0.2981109046324975,
    "npeaks_v_late": 1,
    "fracL_v_late": 0.9993379558610661,
    "lock_late": 0.7090034279299614,
    "retention": 0.596221809264995,
    "coherent_strict": false,
    "coherent_relaxed": true,
    "blew_up": false
  },
  "sech2_A0.60": {
    "A": 0.6,
    "vmax_late": 0.3044990842988189,
    "npeaks_v_late": 1,
    "fracL_v_late": 0.9993101791832883,
    "lock_late": 0.5799082720825509,
    "retention": 0.5074984738313648,
    "coherent_strict": false,
    "coherent_relaxed": true,
    "blew_up": false
  },
  "sech2_A0.80": {
    "A": 0.8,
    "vmax_late": 0.4223846481136502,
    "npeaks_v_late": 1,
    "fracL_v_late": 0.9992768086067555,
    "lock_late": 0.4672562336190538,
    "retention": 0.5279808101420627,
    "coherent_strict": false,
    "coherent_relaxed": true,
    "blew_up": false
  },
  "sech2_A1.00": {
    "A": 1.0,
    "vmax_late": 0.6043418948969667,
    "npeaks_v_late": 1,
    "fracL_v_late": 0.992796998040292,
    "lock_late": 0.43479068810090366,
    "retention": 0.6043418948969667,
    "coherent_strict": true,
    "coherent_relaxed": true,
    "blew_up": false
  },
  "sech2_A1.20": {
    "A": 1.2,
    "vmax_late": 0.6815906593792801,
    "npeaks_v_late": 1,
    "fracL_v_late": 0.9962344138037734,
    "lock_late": 0.19089873100840202,
    "retention": 0.5679922161494001,
    "coherent_strict": true,
    "coherent_relaxed": true,
    "blew_up": false
  }
}
EXIT=0
