[ref] loaded E1 Gardner snapshots: 21 times from t=0.0000 to t=10.0000
[grid]  Nx=256  L=30.0  dx=1.1719e-01
[time]  T=10.0  dt=2.0000e-04  nsteps=50000
[IC]    A=1.5  v0 = A sech^2(x+5)  u0 = v0^2/2 (m0=0)
[init]  mass_v=+3.000000e+00 mass_u=+1.500000e+00 m_norm=0.000e+00 v_max=1.4977 u_max=1.1216 L2vdiff=0.000e+00
[t= 0.3332] mass_v=+3.0000e+00 m_norm=5.327e-01 v_max=1.4364@x=-3.867 u_max=1.0565@x=-3.633 L2vdf=8.622e-01 sup=1.436e+00
[t= 0.6664] mass_v=+3.0000e+00 m_norm=9.145e-01 v_max=1.3183@x=-2.461 u_max=1.5088@x=-2.227 L2vdf=8.734e-01 sup=1.509e+00
[t= 0.9996] mass_v=+3.0000e+00 m_norm=1.215e+00 v_max=1.2397@x=-1.172 u_max=1.9666@x=-0.820 L2vdf=3.740e-01 sup=1.967e+00
[t= 1.3328] mass_v=+3.0000e+00 m_norm=1.466e+00 v_max=1.1413@x=+0.000 u_max=2.4959@x=+0.469 L2vdf=6.688e-01 sup=2.496e+00
[t= 1.6660] mass_v=+3.0000e+00 m_norm=1.700e+00 v_max=1.0378@x=+1.055 u_max=2.8985@x=+1.992 L2vdf=9.464e-01 sup=2.899e+00
[t= 1.9992] mass_v=+3.0000e+00 m_norm=1.874e+00 v_max=0.9808@x=+2.109 u_max=3.3739@x=+3.398 L2vdf=5.840e-01 sup=3.374e+00
[t= 2.3324] mass_v=+3.0000e+00 m_norm=1.972e+00 v_max=0.9617@x=+3.047 u_max=3.5492@x=+4.922 L2vdf=1.150e+00 sup=3.549e+00
[t= 2.6656] mass_v=+3.0000e+00 m_norm=2.035e+00 v_max=0.9093@x=+3.984 u_max=3.3663@x=+6.445 L2vdf=6.450e-01 sup=3.366e+00
[t= 2.9988] mass_v=+3.0000e+00 m_norm=2.104e+00 v_max=0.8569@x=+4.805 u_max=3.5167@x=+8.086 L2vdf=1.125e+00 sup=3.517e+00
[t= 3.3320] mass_v=+3.0000e+00 m_norm=2.168e+00 v_max=0.7916@x=+5.625 u_max=3.7505@x=+9.609 L2vdf=1.651e+00 sup=3.751e+00
[t= 3.6652] mass_v=+3.0000e+00 m_norm=2.228e+00 v_max=0.7821@x=+6.445 u_max=3.8353@x=+11.133 L2vdf=1.239e+00 sup=3.835e+00
[t= 3.9984] mass_v=+3.0000e+00 m_norm=2.262e+00 v_max=0.7635@x=+7.148 u_max=3.5595@x=+12.656 L2vdf=1.714e+00 sup=3.559e+00
[t= 4.3316] mass_v=+3.0000e+00 m_norm=2.306e+00 v_max=0.7348@x=+7.852 u_max=3.6156@x=+14.297 L2vdf=1.934e+00 sup=3.616e+00
[t= 4.6648] mass_v=+3.0000e+00 m_norm=2.328e+00 v_max=0.7263@x=+8.672 u_max=3.8458@x=-14.180 L2vdf=1.818e+00 sup=3.846e+00
[t= 4.9980] mass_v=+3.0000e+00 m_norm=2.332e+00 v_max=0.7382@x=+9.375 u_max=3.4005@x=-12.656 L2vdf=1.976e+00 sup=3.401e+00
[t= 5.3312] mass_v=+3.0000e+00 m_norm=2.354e+00 v_max=0.7433@x=+10.078 u_max=3.6344@x=-11.016 L2vdf=1.969e+00 sup=3.634e+00
[t= 5.6644] mass_v=+3.0000e+00 m_norm=2.379e+00 v_max=0.7149@x=+10.781 u_max=3.8785@x=-9.492 L2vdf=1.939e+00 sup=3.878e+00
[t= 5.9976] mass_v=+3.0000e+00 m_norm=2.407e+00 v_max=0.6616@x=+11.367 u_max=3.9823@x=-8.086 L2vdf=1.987e+00 sup=3.982e+00
[t= 6.3308] mass_v=+3.0000e+00 m_norm=2.424e+00 v_max=0.6367@x=+12.188 u_max=3.9283@x=-6.680 L2vdf=2.027e+00 sup=3.928e+00
[t= 6.6640] mass_v=+3.0000e+00 m_norm=2.453e+00 v_max=0.5925@x=+12.891 u_max=3.8277@x=-5.156 L2vdf=2.015e+00 sup=3.828e+00
[t= 6.9972] mass_v=+3.0000e+00 m_norm=2.477e+00 v_max=0.5696@x=+13.594 u_max=3.9292@x=-3.633 L2vdf=1.972e+00 sup=3.929e+00
[t= 7.3304] mass_v=+3.0000e+00 m_norm=2.499e+00 v_max=0.5563@x=+14.297 u_max=3.9531@x=-2.109 L2vdf=1.934e+00 sup=3.953e+00
[t= 7.6636] mass_v=+3.0000e+00 m_norm=2.521e+00 v_max=0.5440@x=+14.648 u_max=3.7792@x=-0.586 L2vdf=1.914e+00 sup=3.779e+00
[t= 7.9968] mass_v=+3.0000e+00 m_norm=2.538e+00 v_max=0.5322@x=+14.883 u_max=3.4743@x=+1.055 L2vdf=1.858e+00 sup=3.474e+00
[t= 8.3300] mass_v=+3.0000e+00 m_norm=2.555e+00 v_max=0.5171@x=-14.531 u_max=3.9317@x=+2.578 L2vdf=1.856e+00 sup=3.932e+00
[t= 8.6632] mass_v=+3.0000e+00 m_norm=2.555e+00 v_max=0.5187@x=-14.180 u_max=3.8708@x=+4.102 L2vdf=1.846e+00 sup=3.871e+00
[t= 8.9964] mass_v=+3.0000e+00 m_norm=2.546e+00 v_max=0.5081@x=-13.711 u_max=3.4765@x=+5.742 L2vdf=1.793e+00 sup=3.477e+00
[t= 9.3296] mass_v=+3.0000e+00 m_norm=2.555e+00 v_max=0.5413@x=-13.125 u_max=3.8325@x=+7.266 L2vdf=1.804e+00 sup=3.832e+00
[t= 9.6628] mass_v=+3.0000e+00 m_norm=2.560e+00 v_max=0.5519@x=-12.773 u_max=3.7738@x=+8.789 L2vdf=1.802e+00 sup=3.774e+00
[t= 9.9960] mass_v=+3.0000e+00 m_norm=2.550e+00 v_max=0.5574@x=-12.422 u_max=3.8858@x=+10.430 L2vdf=1.814e+00 sup=3.886e+00
[t=10.0000] mass_v=+3.0000e+00 m_norm=2.550e+00 v_max=0.5576@x=-12.422 u_max=3.9745@x=+10.430 L2vdf=1.814e+00 sup=3.975e+00
[saved] /Users/dietcoke/Documents/Project/00-simulation_software/paper/Negative_Knowledge/section4/stage1_v3/runs/BKdV-S7/round2/snapshots.npz  (21 snapshots)
[final] t=10.0000  v_max=0.55760@x=-12.422  u_max=3.97454@x=+10.430  m_norm=2.5498e+00  L2_v_diff=1.8138e+00  mass_v=+3.00000e+00 mass_u=+1.50000e+00  elapsed=16.0s blowup=False

[m_norm(t)]
  t= 0.000  m_norm=0.0000e+00
  t= 0.500  m_norm=7.3649e-01
  t= 1.000  m_norm=1.2157e+00
  t= 1.500  m_norm=1.5868e+00
  t= 2.000  m_norm=1.8739e+00
  t= 2.500  m_norm=2.0059e+00
  t= 3.000  m_norm=2.1040e+00
  t= 3.500  m_norm=2.2039e+00
  t= 4.000  m_norm=2.2623e+00
  t= 4.500  m_norm=2.3186e+00
  t= 5.000  m_norm=2.3323e+00
  t= 5.500  m_norm=2.3636e+00
  t= 6.000  m_norm=2.4075e+00
  t= 6.500  m_norm=2.4413e+00
  t= 7.000  m_norm=2.4772e+00
  t= 7.500  m_norm=2.5109e+00
  t= 8.000  m_norm=2.5388e+00
  t= 8.500  m_norm=2.5537e+00
  t= 9.000  m_norm=2.5462e+00
  t= 9.500  m_norm=2.5572e+00
  t=10.000  m_norm=2.5498e+00

[L2 distance to Gardner: ||v_BKdV - v_Gardner||]
  t= 0.000  ||v_BKdV - v_Gardner||_L2 = 0.0000e+00
  t= 0.500  ||v_BKdV - v_Gardner||_L2 = 1.3174e-01
  t= 1.000  ||v_BKdV - v_Gardner||_L2 = 3.7514e-01
  t= 1.500  ||v_BKdV - v_Gardner||_L2 = 5.1439e-01
  t= 2.000  ||v_BKdV - v_Gardner||_L2 = 5.8371e-01
  t= 2.500  ||v_BKdV - v_Gardner||_L2 = 7.9760e-01
  t= 3.000  ||v_BKdV - v_Gardner||_L2 = 1.1223e+00
  t= 3.500  ||v_BKdV - v_Gardner||_L2 = 1.4482e+00
  t= 4.000  ||v_BKdV - v_Gardner||_L2 = 1.7128e+00
  t= 4.500  ||v_BKdV - v_Gardner||_L2 = 1.8839e+00
  t= 5.000  ||v_BKdV - v_Gardner||_L2 = 1.9755e+00
  t= 5.500  ||v_BKdV - v_Gardner||_L2 = 1.9544e+00
  t= 6.000  ||v_BKdV - v_Gardner||_L2 = 1.9867e+00
  t= 6.500  ||v_BKdV - v_Gardner||_L2 = 2.0217e+00
  t= 7.000  ||v_BKdV - v_Gardner||_L2 = 1.9720e+00
  t= 7.500  ||v_BKdV - v_Gardner||_L2 = 1.9232e+00
  t= 8.000  ||v_BKdV - v_Gardner||_L2 = 1.8580e+00
  t= 8.500  ||v_BKdV - v_Gardner||_L2 = 1.8505e+00
  t= 9.000  ||v_BKdV - v_Gardner||_L2 = 1.7930e+00
  t= 9.500  ||v_BKdV - v_Gardner||_L2 = 1.8026e+00
  t=10.000  ||v_BKdV - v_Gardner||_L2 = 1.8138e+00

[summary]
  m_norm: t0=0.000e+00  t=1.0=1.216e+00  t=5=2.332e+00  t=10=2.550e+00
  v_max  drift = -62.770%  range=[0.508, 1.498]
  u_max  range = [1.122, 3.987]
  mass_v drift = +0.000000%
  mass_u drift = -0.000000%
  n_peaks min/max = 1 / 8
  L2 distance to Gardner at T: 1.8138e+00  (L2 norm of v itself = 8.3879e-01)
[done] E2 BKdV run complete.
