exit_code=0
duration_sec=3.7
--- stdout ---
Saved shape: (7, 2, 256)
Final v max: nan, min: nan
Final u max: nan, min: nan
Detected peaks >= 0.8: 0 at indices []

--- stderr ---
${PROJECT_ROOT}/stage2/runs/T_B/NoKB/round1/candidate.py:46: RuntimeWarning: overflow encountered in square
  rhs_inner = 3.0 * v**2 + v_xx
${VENV}/lib/python3.14/site-packages/numpy/fft/_pocketfft.py:101: RuntimeWarning: invalid value encountered in fft
  return ufunc(a, fct, axes=[(axis,), (), (axis,)], out=out)
${PROJECT_ROOT}/stage2/runs/T_B/NoKB/round1/candidate.py:35: RuntimeWarning: invalid value encountered in multiply
  return np.real(np.fft.ifft(1j * k * np.fft.fft(f)))
${PROJECT_ROOT}/stage2/runs/T_B/NoKB/round1/candidate.py:48: RuntimeWarning: overflow encountered in multiply
  du_dt = -3.0 * u * u_x - drhs_inner_dx
${PROJECT_ROOT}/stage2/runs/T_B/NoKB/round1/candidate.py:53: RuntimeWarning: overflow encountered in multiply
  uv = u * v
${PROJECT_ROOT}/stage2/runs/T_B/NoKB/round1/candidate.py:55: RuntimeWarning: overflow encountered in multiply
  dv_dt = -6.0 * v * v_x - v_xxx - duv_dx

