exit_code=0
duration_sec=1.2
--- stdout ---
Output shape: (8, 2, 256)
u range: [nan, nan]
v range: [nan, nan]
v peak amplitude: nan
All finite: False
Saved pred_results/T_C.npy

--- stderr ---
${PROJECT_ROOT}/stage2/runs/T_C/PosOnly/round1/candidate.py:70: RuntimeWarning: overflow encountered in square
  coupling_u_field = 3 * v**2 + v_xx
${VENV}/lib/python3.14/site-packages/numpy/fft/_pocketfft.py:101: RuntimeWarning: invalid value encountered in fft
  return ufunc(a, fct, axes=[(axis,), (), (axis,)], out=out)
${PROJECT_ROOT}/stage2/runs/T_C/PosOnly/round1/candidate.py:72: RuntimeWarning: invalid value encountered in multiply
  dcoupling_u = np.fft.ifft(ik * coupling_u_hat).real
${PROJECT_ROOT}/stage2/runs/T_C/PosOnly/round1/candidate.py:74: RuntimeWarning: overflow encountered in multiply
  rhs_u = -3.0 * u * u_x - dcoupling_u
${PROJECT_ROOT}/stage2/runs/T_C/PosOnly/round1/candidate.py:79: RuntimeWarning: overflow encountered in multiply
  uv = u * v
${PROJECT_ROOT}/stage2/runs/T_C/PosOnly/round1/candidate.py:83: RuntimeWarning: overflow encountered in multiply
  rhs_v_explicit = -6.0 * v * v_x - duv

