======================================================================
E3 part A: dense A-sweep at u_L=0, T=10 (sharpness)
======================================================================
=== E3A_uL0_A0.30 ===
  L2r=0.8476 vpeak/A=0.8097 npk_max=1 t=42.5s
=== E3A_uL0_A0.50 ===
  L2r=0.7249 vpeak/A=0.6432 npk_max=1 t=42.7s
=== E3A_uL0_A0.70 ===
  L2r=0.6225 vpeak/A=0.5276 npk_max=1 t=41.5s
=== E3A_uL0_A0.90 ===
  L2r=0.5314 vpeak/A=0.4330 npk_max=2 t=41.2s
=== E3A_uL0_A1.10 ===
  L2r=0.4691 vpeak/A=0.3329 npk_max=1 t=41.2s
=== E3A_uL0_A1.30 ===
  L2r=0.4408 vpeak/A=0.2797 npk_max=1 t=41.9s
=== E3A_uL0_A1.50 ===
  L2r=0.4359 vpeak/A=0.2698 npk_max=1 t=42.1s
=== E3A_uL0_A1.70 ===
  L2r=0.4424 vpeak/A=0.2621 npk_max=2 t=41.3s
=== E3A_uL0_A2.00 ===
  L2r=0.4546 vpeak/A=0.2378 npk_max=2 t=41.5s

Part A total: 375.8s

  A     L2_ratio    d(L2_ratio)/dA
  ---   --------    ----------------
  0.30    0.8476
  0.50    0.7249  -0.6133
  0.70    0.6225  -0.5119
  0.90    0.5314  -0.4557
  1.10    0.4691  -0.3112
  1.30    0.4408  -0.1417
  1.50    0.4359  -0.0247
  1.70    0.4424  +0.0326
  2.00    0.4546  +0.0408

======================================================================
E3 part B: u_L-sweep at A=1.5, T=10 (bore stabilization)
======================================================================
=== E3B_uL0.00_A1.50 ===
  L2r=0.4359 vpeak/A=0.2698 npk_max=1 t=41.8s
=== E3B_uL0.25_A1.50 ===
  L2r=0.4013 vpeak/A=0.2324 npk_max=2 t=42.2s
=== E3B_uL0.50_A1.50 ===
  L2r=0.4535 vpeak/A=0.2082 npk_max=4 t=42.9s
=== E3B_uL0.75_A1.50 ===
  L2r=0.5342 vpeak/A=0.2615 npk_max=4 t=43.1s
=== E3B_uL1.00_A1.50 ===
  L2r=0.5880 vpeak/A=0.2773 npk_max=3 t=42.7s
=== E3B_uL1.50_A1.50 ===
  L2r=0.6385 vpeak/A=0.3169 npk_max=2 t=41.9s
=== E3B_uL2.00_A1.50 ===
  L2r=0.6398 vpeak/A=0.3352 npk_max=2 t=42.0s
=== E3B_uL3.00_A1.50 ===
  L2r=0.6791 vpeak/A=0.4430 npk_max=1 t=42.3s

Part B total: 339.0s

  u_L   L2_ratio
  0.00    0.4359
  0.25    0.4013
  0.50    0.4535
  0.75    0.5342
  1.00    0.5880
  1.50    0.6385
  2.00    0.6398
  3.00    0.6791
